
[2019-06-13 14:22:41] UTN FRA LOGGER.INFO: metodo=GET, URI=http%3A%2F%2Flocalhost%2FFull-API-REST-Skeleton%2Fpublic, RUTA=cd, autoridad=localhost [] {"uid":"cbdaafa"}
[2019-06-13 14:22:41] UTN FRA LOGGER.INFO: Slim-Skeleton '/' route [] {"uid":"cbdaafa"}
[2019-06-13 14:23:14] UTN FRA LOGGER.INFO: metodo=GET, URI=http%3A%2F%2Flocalhost%2FFull-API-REST-Skeleton%2Fpublic, RUTA=cd, autoridad=localhost [] {"uid":"51c39c8"}
[2019-06-13 14:23:14] UTN FRA LOGGER.INFO: Slim-Skeleton '/' route [] {"uid":"51c39c8"}
[2019-06-13 14:31:21] UTN FRA LOGGER.INFO: metodo=GET, URI=http%3A%2F%2Flocalhost%2FFull-API-REST-Skeleton%2Fpublic, RUTA=cd, autoridad=localhost [] {"uid":"8c0519b"}
[2019-06-13 14:31:21] UTN FRA LOGGER.INFO: Slim-Skeleton '/' route [] {"uid":"8c0519b"}
[2019-06-13 14:33:01] UTN FRA LOGGER.INFO: metodo=POST, URI=http%3A%2F%2Flocalhost%2FFull-API-REST-Skeleton%2Fpublic, RUTA=cd, autoridad=localhost [] {"uid":"0b2cd96"}
[2019-06-13 14:33:04] UTN FRA LOGGER.INFO: metodo=POST, URI=http%3A%2F%2Flocalhost%2FFull-API-REST-Skeleton%2Fpublic, RUTA=cd%2F, autoridad=localhost [] {"uid":"c6b9506"}
[2019-06-13 14:33:08] UTN FRA LOGGER.INFO: metodo=POST, URI=http%3A%2F%2Flocalhost%2FFull-API-REST-Skeleton%2Fpublic, RUTA=cd, autoridad=localhost [] {"uid":"be6a201"}
[2019-06-13 14:33:14] UTN FRA LOGGER.INFO: metodo=GET, URI=http%3A%2F%2Flocalhost%2FFull-API-REST-Skeleton%2Fpublic, RUTA=cd, autoridad=localhost [] {"uid":"c72b911"}
[2019-06-13 14:33:14] UTN FRA LOGGER.INFO: Slim-Skeleton '/' route [] {"uid":"c72b911"}
[2019-06-13 14:41:27] UTN FRA LOGGER.INFO: metodo=GET, URI=http%3A%2F%2Flocalhost%2FFull-API-REST-Skeleton%2Fpublic, RUTA=cd, autoridad=localhost [] {"uid":"a176d8c"}
[2019-06-13 14:41:27] UTN FRA LOGGER.INFO: Slim-Skeleton '/' route [] {"uid":"a176d8c"}
[2019-06-13 14:46:20] UTN FRA LOGGER.INFO: metodo=GET, URI=http%3A%2F%2Flocalhost%2FFull-API-REST-Skeleton%2Fpublic, RUTA=cd, autoridad=localhost [] {"uid":"ee35737"}
[2019-06-13 14:46:20] UTN FRA LOGGER.INFO: Slim-Skeleton '/' route [] {"uid":"ee35737"}
[2019-06-13 14:48:37] UTN FRA LOGGER.INFO: metodo=GET, URI=http%3A%2F%2Flocalhost%2FFull-API-REST-Skeleton%2Fpublic, RUTA=cd, autoridad=localhost [] {"uid":"abec998"}
[2019-06-13 14:48:37] UTN FRA LOGGER.INFO: Slim-Skeleton '/' route [] {"uid":"abec998"}
[2019-06-13 14:48:52] UTN FRA LOGGER.INFO: metodo=GET, URI=http%3A%2F%2Flocalhost%2FFull-API-REST-Skeleton%2Fpublic, RUTA=cd, autoridad=localhost [] {"uid":"8673393"}
[2019-06-13 14:48:52] UTN FRA LOGGER.INFO: Slim-Skeleton '/' route [] {"uid":"8673393"}
[2019-06-13 14:48:59] UTN FRA LOGGER.INFO: metodo=GET, URI=http%3A%2F%2Flocalhost%2FFull-API-REST-Skeleton%2Fpublic, RUTA=%2F, autoridad=localhost [] {"uid":"4ea4dca"}
[2019-06-13 14:48:59] UTN FRA LOGGER.INFO: Slim-Skeleton '/' route [] {"uid":"4ea4dca"}
[2019-06-13 14:50:13] UTN FRA LOGGER.INFO: metodo=GET, URI=http%3A%2F%2Flocalhost%2FFull-API-REST-Skeleton%2Fpublic, RUTA=cd, autoridad=localhost [] {"uid":"7226ecc"}
[2019-06-13 14:50:13] UTN FRA LOGGER.INFO: Slim-Skeleton '/' route [] {"uid":"7226ecc"}
[2019-06-13 14:51:49] UTN FRA LOGGER.INFO: metodo=GET, URI=http%3A%2F%2Flocalhost%2FFull-API-REST-Skeleton%2Fpublic, RUTA=cd, autoridad=localhost [] {"uid":"436b3d9"}
[2019-06-13 14:51:49] UTN FRA LOGGER.INFO: Slim-Skeleton '/' route [] {"uid":"436b3d9"}
[2019-06-13 14:52:04] UTN FRA LOGGER.INFO: metodo=GET, URI=http%3A%2F%2Flocalhost%2FFull-API-REST-Skeleton%2Fpublic, RUTA=cdsadsad, autoridad=localhost [] {"uid":"1d5953a"}
[2019-06-13 14:52:04] UTN FRA LOGGER.INFO: Slim-Skeleton '/' route [] {"uid":"1d5953a"}
[2019-06-13 14:52:24] UTN FRA LOGGER.INFO: metodo=GET, URI=http%3A%2F%2Flocalhost%2FFull-API-REST-Skeleton%2Fpublic, RUTA=cdsadsad, autoridad=localhost [] {"uid":"e59d193"}
[2019-06-13 14:52:24] UTN FRA LOGGER.INFO: Slim-Skeleton '/' route [] {"uid":"e59d193"}
[2019-06-13 14:52:34] UTN FRA LOGGER.INFO: metodo=GET, URI=http%3A%2F%2Flocalhost%2FFull-API-REST-Skeleton%2Fpublic, RUTA=cddasasd, autoridad=localhost [] {"uid":"04a9747"}
[2019-06-13 14:52:34] UTN FRA LOGGER.INFO: Slim-Skeleton '/' route [] {"uid":"04a9747"}
[2019-06-13 14:54:41] UTN FRA LOGGER.INFO: metodo=GET, URI=http%3A%2F%2Flocalhost%2FFull-API-REST-Skeleton%2Fpublic, RUTA=cd, autoridad=localhost [] {"uid":"f107aba"}
[2019-06-13 14:54:41] UTN FRA LOGGER.INFO: Slim-Skeleton '/' route [] {"uid":"f107aba"}
[2019-06-13 15:40:36] UTN FRA LOGGER.INFO: metodo=GET, URI=http%3A%2F%2Flocalhost%2FFull-API-REST-Skeleton%2Fpublic, RUTA=cd, autoridad=localhost [] {"uid":"ef8c25a"}
[2019-06-13 15:40:36] UTN FRA LOGGER.INFO: Slim-Skeleton '/' route [] {"uid":"ef8c25a"}
[2019-06-13 15:40:42] UTN FRA LOGGER.INFO: metodo=GET, URI=http%3A%2F%2Flocalhost%2FFull-API-REST-Skeleton%2Fpublic, RUTA=JWT%2F, autoridad=localhost [] {"uid":"357fab5"}
[2019-06-13 15:41:29] UTN FRA LOGGER.INFO: metodo=GET, URI=http%3A%2F%2Flocalhost%2FFull-API-REST-Skeleton%2Fpublic, RUTA=JWT%2F, autoridad=localhost [] {"uid":"3f334b7"}
[2019-06-13 15:42:30] UTN FRA LOGGER.INFO: metodo=GET, URI=http%3A%2F%2Flocalhost%2FFull-API-REST-Skeleton%2Fpublic, RUTA=JWT%2F, autoridad=localhost [] {"uid":"f77f1dc"}
[2019-06-13 15:45:52] UTN FRA LOGGER.INFO: metodo=GET, URI=http%3A%2F%2Flocalhost%2FFull-API-REST-Skeleton%2Fpublic, RUTA=JWT%2F, autoridad=localhost [] {"uid":"ebede7d"}
[2019-06-13 15:46:48] UTN FRA LOGGER.INFO: metodo=GET, URI=http%3A%2F%2Flocalhost%2FFull-API-REST-Skeleton%2Fpublic, RUTA=JWT%2F, autoridad=localhost [] {"uid":"0ecbf97"}
[2019-06-13 15:46:49] UTN FRA LOGGER.INFO: metodo=GET, URI=http%3A%2F%2Flocalhost%2FFull-API-REST-Skeleton%2Fpublic, RUTA=JWT%2F, autoridad=localhost [] {"uid":"282c134"}
[2019-06-13 15:46:50] UTN FRA LOGGER.INFO: metodo=GET, URI=http%3A%2F%2Flocalhost%2FFull-API-REST-Skeleton%2Fpublic, RUTA=JWT%2F, autoridad=localhost [] {"uid":"3c95600"}
[2019-06-13 15:47:05] UTN FRA LOGGER.INFO: metodo=GET, URI=http%3A%2F%2Flocalhost%2FFull-API-REST-Skeleton%2Fpublic, RUTA=JWT%2F, autoridad=localhost [] {"uid":"c621b16"}
[2019-06-13 15:47:10] UTN FRA LOGGER.INFO: metodo=GET, URI=http%3A%2F%2Flocalhost%2FFull-API-REST-Skeleton%2Fpublic, RUTA=cd, autoridad=localhost [] {"uid":"bf6f035"}
[2019-06-13 15:47:10] UTN FRA LOGGER.INFO: Slim-Skeleton '/' route [] {"uid":"bf6f035"}
[2019-06-13 15:47:16] UTN FRA LOGGER.INFO: metodo=GET, URI=http%3A%2F%2Flocalhost%2FFull-API-REST-Skeleton%2Fpublic, RUTA=JWT%2F, autoridad=localhost [] {"uid":"cfac656"}
[2019-06-13 15:47:52] UTN FRA LOGGER.INFO: metodo=GET, URI=http%3A%2F%2Flocalhost%2FFull-API-REST-Skeleton%2Fpublic, RUTA=JWT%2F, autoridad=localhost [] {"uid":"e14969e"}
[2019-06-13 15:47:55] UTN FRA LOGGER.INFO: metodo=GET, URI=http%3A%2F%2Flocalhost%2FFull-API-REST-Skeleton%2Fpublic, RUTA=JWT, autoridad=localhost [] {"uid":"6b74752"}
[2019-06-13 15:47:55] UTN FRA LOGGER.INFO: Slim-Skeleton '/' route [] {"uid":"6b74752"}
[2019-06-13 15:48:12] UTN FRA LOGGER.INFO: metodo=GET, URI=http%3A%2F%2Flocalhost%2FFull-API-REST-Skeleton%2Fpublic, RUTA=JWT%2FcrearToken, autoridad=localhost [] {"uid":"4d4a878"}
[2019-06-13 15:48:15] UTN FRA LOGGER.INFO: metodo=GET, URI=http%3A%2F%2Flocalhost%2FFull-API-REST-Skeleton%2Fpublic, RUTA=JWT%2FcrearToken%2F, autoridad=localhost [] {"uid":"85c7bd2"}
[2019-06-13 15:50:55] UTN FRA LOGGER.INFO: metodo=GET, URI=http%3A%2F%2Flocalhost%2FFull-API-REST-Skeleton%2Fpublic, RUTA=JWT%2F, autoridad=localhost [] {"uid":"809f0d9"}
[2019-06-13 15:51:28] UTN FRA LOGGER.INFO: metodo=GET, URI=http%3A%2F%2Flocalhost%2FFull-API-REST-Skeleton%2Fpublic, RUTA=JWT%2FdevolverPayLoad, autoridad=localhost [] {"uid":"c4c1acb"}
[2019-06-13 15:51:33] UTN FRA LOGGER.INFO: metodo=GET, URI=http%3A%2F%2Flocalhost%2FFull-API-REST-Skeleton%2Fpublic, RUTA=JWT%2FdevolverPayLoad%2F, autoridad=localhost [] {"uid":"b2bb375"}
[2019-06-13 15:53:23] UTN FRA LOGGER.INFO: metodo=GET, URI=http%3A%2F%2Flocalhost%2FFull-API-REST-Skeleton%2Fpublic, RUTA=JWT%2FdevolverPayLoad%2F, autoridad=localhost [] {"uid":"4be0464"}
[2019-06-13 15:53:26] UTN FRA LOGGER.INFO: metodo=GET, URI=http%3A%2F%2Flocalhost%2FFull-API-REST-Skeleton%2Fpublic, RUTA=JWT%2FdevolverPayLoad%2F, autoridad=localhost [] {"uid":"d345f1e"}
[2019-06-13 15:54:00] UTN FRA LOGGER.INFO: metodo=GET, URI=http%3A%2F%2Flocalhost%2FFull-API-REST-Skeleton%2Fpublic, RUTA=JWT%2FdevolverPayLoad%2F, autoridad=localhost [] {"uid":"914db4e"}
[2019-06-13 15:54:01] UTN FRA LOGGER.INFO: metodo=GET, URI=http%3A%2F%2Flocalhost%2FFull-API-REST-Skeleton%2Fpublic, RUTA=JWT%2FdevolverPayLoad%2F, autoridad=localhost [] {"uid":"d8926fc"}
[2019-06-13 15:54:01] UTN FRA LOGGER.INFO: metodo=GET, URI=http%3A%2F%2Flocalhost%2FFull-API-REST-Skeleton%2Fpublic, RUTA=JWT%2FdevolverPayLoad%2F, autoridad=localhost [] {"uid":"e6913b2"}
[2019-06-13 15:54:01] UTN FRA LOGGER.INFO: metodo=GET, URI=http%3A%2F%2Flocalhost%2FFull-API-REST-Skeleton%2Fpublic, RUTA=JWT%2FdevolverPayLoad%2F, autoridad=localhost [] {"uid":"eb07b32"}
[2019-06-13 15:54:01] UTN FRA LOGGER.INFO: metodo=GET, URI=http%3A%2F%2Flocalhost%2FFull-API-REST-Skeleton%2Fpublic, RUTA=JWT%2FdevolverPayLoad%2F, autoridad=localhost [] {"uid":"5283686"}
[2019-06-13 15:54:02] UTN FRA LOGGER.INFO: metodo=GET, URI=http%3A%2F%2Flocalhost%2FFull-API-REST-Skeleton%2Fpublic, RUTA=JWT%2FdevolverPayLoad%2F, autoridad=localhost [] {"uid":"14a954e"}
[2019-06-13 15:54:02] UTN FRA LOGGER.INFO: metodo=GET, URI=http%3A%2F%2Flocalhost%2FFull-API-REST-Skeleton%2Fpublic, RUTA=JWT%2FdevolverPayLoad%2F, autoridad=localhost [] {"uid":"904e4eb"}
[2019-06-13 15:54:29] UTN FRA LOGGER.INFO: metodo=GET, URI=http%3A%2F%2Flocalhost%2FFull-API-REST-Skeleton%2Fpublic, RUTA=JWT%2FdevolverPayLoad%2F, autoridad=localhost [] {"uid":"6aa5ecf"}
[2019-06-13 15:54:53] UTN FRA LOGGER.INFO: metodo=GET, URI=http%3A%2F%2Flocalhost%2FFull-API-REST-Skeleton%2Fpublic, RUTA=JWT%2FdevolverPayLoad%2F, autoridad=localhost [] {"uid":"8a18527"}
[2019-06-13 16:14:20] UTN FRA LOGGER.INFO: metodo=GET, URI=http%3A%2F%2Flocalhost%2FFull-API-REST-Skeleton%2Fpublic, RUTA=JWT%2F, autoridad=localhost [] {"uid":"55a4605"}
[2019-06-13 16:14:25] UTN FRA LOGGER.INFO: metodo=POST, URI=http%3A%2F%2Flocalhost%2FFull-API-REST-Skeleton%2Fpublic, RUTA=JWT%2F, autoridad=localhost [] {"uid":"f981075"}
[2019-06-13 16:16:52] UTN FRA LOGGER.INFO: metodo=POST, URI=http%3A%2F%2Flocalhost%2FFull-API-REST-Skeleton%2Fpublic, RUTA=JWT%2F, autoridad=localhost [] {"uid":"46748bf"}
[2019-06-13 16:16:56] UTN FRA LOGGER.INFO: metodo=POST, URI=http%3A%2F%2Flocalhost%2FFull-API-REST-Skeleton%2Fpublic, RUTA=JWT%2F, autoridad=localhost [] {"uid":"0caf1e0"}
[2019-06-13 16:17:07] UTN FRA LOGGER.INFO: metodo=GET, URI=http%3A%2F%2Flocalhost%2FFull-API-REST-Skeleton%2Fpublic, RUTA=JWT%2F, autoridad=localhost [] {"uid":"6dd0ab4"}
[2019-06-13 16:19:09] UTN FRA LOGGER.INFO: metodo=GET, URI=http%3A%2F%2Flocalhost%2FFull-API-REST-Skeleton%2Fpublic, RUTA=JWT%2F, autoridad=localhost [] {"uid":"37dd024"}
[2019-06-13 16:19:58] UTN FRA LOGGER.INFO: metodo=GET, URI=http%3A%2F%2Flocalhost%2FFull-API-REST-Skeleton%2Fpublic, RUTA=JWT%2F, autoridad=localhost [] {"uid":"b69d6ce"}
[2019-06-13 16:20:00] UTN FRA LOGGER.INFO: metodo=GET, URI=http%3A%2F%2Flocalhost%2FFull-API-REST-Skeleton%2Fpublic, RUTA=JWT%2F, autoridad=localhost [] {"uid":"681fbe6"}
[2019-06-13 16:20:32] UTN FRA LOGGER.INFO: metodo=GET, URI=http%3A%2F%2Flocalhost%2FFull-API-REST-Skeleton%2Fpublic, RUTA=JWT%2F, autoridad=localhost [] {"uid":"1ef71a1"}
[2019-06-13 16:20:40] UTN FRA LOGGER.INFO: metodo=GET, URI=http%3A%2F%2Flocalhost%2FFull-API-REST-Skeleton%2Fpublic, RUTA=JWT%2F, autoridad=localhost [] {"uid":"9dfad57"}
[2019-11-17 00:25:36] UTN FRA LOGGER.INFO: metodo=POST, URI=http%3A%2F%2Flocalhost%2FProgramacionIII%2Fmodelo-SP%2Fpublic, RUTA=usuariosORM%2Fusuario, autoridad=localhost [] {"uid":"729eca6"}
[2019-11-17 00:26:05] UTN FRA LOGGER.INFO: metodo=POST, URI=http%3A%2F%2Flocalhost%2FProgramacionIII%2Fmodelo-SP%2Fpublic, RUTA=usuariosORM%2Fusuario, autoridad=localhost [] {"uid":"a33759c"}
[2019-11-17 00:30:19] UTN FRA LOGGER.INFO: metodo=POST, URI=http%3A%2F%2Flocalhost%2FProgramacionIII%2Fmodelo-SP%2Fpublic, RUTA=usuariosORM%2Fusuario, autoridad=localhost [] {"uid":"4eda4c9"}
[2019-11-17 00:37:03] UTN FRA LOGGER.INFO: metodo=POST, URI=http%3A%2F%2Flocalhost%2FProgramacionIII%2Fmodelo-SP%2Fpublic, RUTA=usuariosORM%2Fusuario, autoridad=localhost [] {"uid":"cd29ae9"}
[2019-11-17 00:40:04] UTN FRA LOGGER.INFO: metodo=POST, URI=http%3A%2F%2Flocalhost%2FProgramacionIII%2Fmodelo-SP%2Fpublic, RUTA=usuariosORM%2Fusuario, autoridad=localhost [] {"uid":"59f0473"}
[2019-11-17 00:40:53] UTN FRA LOGGER.INFO: metodo=POST, URI=http%3A%2F%2Flocalhost%2FProgramacionIII%2Fmodelo-SP%2Fpublic, RUTA=usuariosORM%2Fusuario, autoridad=localhost [] {"uid":"40b7111"}
[2019-11-17 00:44:05] UTN FRA LOGGER.INFO: metodo=POST, URI=http%3A%2F%2Flocalhost%2FProgramacionIII%2Fmodelo-SP%2Fpublic, RUTA=usuariosORM%2Fusuario, autoridad=localhost [] {"uid":"fa4f4b0"}
[2019-11-17 00:48:15] UTN FRA LOGGER.INFO: metodo=POST, URI=http%3A%2F%2Flocalhost%2FProgramacionIII%2Fmodelo-SP%2Fpublic, RUTA=usuariosORM%2Fusuario, autoridad=localhost [] {"uid":"21a88cb"}
[2019-11-17 00:49:45] UTN FRA LOGGER.INFO: metodo=POST, URI=http%3A%2F%2Flocalhost%2FProgramacionIII%2Fmodelo-SP%2Fpublic, RUTA=usuariosORM%2Fusuario, autoridad=localhost [] {"uid":"ff69b9c"}
[2019-11-17 00:50:30] UTN FRA LOGGER.INFO: metodo=POST, URI=http%3A%2F%2Flocalhost%2FProgramacionIII%2Fmodelo-SP%2Fpublic, RUTA=usuariosORM%2Fusuario, autoridad=localhost [] {"uid":"ac23ada"}
[2019-11-17 01:03:37] UTN FRA LOGGER.INFO: metodo=POST, URI=http%3A%2F%2Flocalhost%2FProgramacionIII%2Fmodelo-SP%2Fpublic, RUTA=usuariosORM%2Flogin, autoridad=localhost [] {"uid":"43dc55e"}
[2019-11-17 01:05:42] UTN FRA LOGGER.INFO: metodo=POST, URI=http%3A%2F%2Flocalhost%2FProgramacionIII%2Fmodelo-SP%2Fpublic, RUTA=usuariosORM%2Flogin, autoridad=localhost [] {"uid":"0a0de4d"}
[2019-11-17 01:05:44] UTN FRA LOGGER.INFO: metodo=POST, URI=http%3A%2F%2Flocalhost%2FProgramacionIII%2Fmodelo-SP%2Fpublic, RUTA=usuariosORM%2Flogin, autoridad=localhost [] {"uid":"4da2a19"}
[2019-11-17 01:06:07] UTN FRA LOGGER.INFO: metodo=POST, URI=http%3A%2F%2Flocalhost%2FProgramacionIII%2Fmodelo-SP%2Fpublic, RUTA=usuariosORM%2Flogin, autoridad=localhost [] {"uid":"632bbcc"}
[2019-11-17 01:06:14] UTN FRA LOGGER.INFO: metodo=POST, URI=http%3A%2F%2Flocalhost%2FProgramacionIII%2Fmodelo-SP%2Fpublic, RUTA=usuariosORM%2Flogin, autoridad=localhost [] {"uid":"3c866e2"}
[2019-11-17 01:07:16] UTN FRA LOGGER.INFO: metodo=POST, URI=http%3A%2F%2Flocalhost%2FProgramacionIII%2Fmodelo-SP%2Fpublic, RUTA=usuariosORM%2Flogin, autoridad=localhost [] {"uid":"0a03451"}
[2019-11-17 01:07:26] UTN FRA LOGGER.INFO: metodo=POST, URI=http%3A%2F%2Flocalhost%2FProgramacionIII%2Fmodelo-SP%2Fpublic, RUTA=usuariosORM%2Flogin, autoridad=localhost [] {"uid":"2808e1b"}
[2019-11-17 01:10:22] UTN FRA LOGGER.INFO: metodo=POST, URI=http%3A%2F%2Flocalhost%2FProgramacionIII%2Fmodelo-SP%2Fpublic, RUTA=usuariosORM%2Flogin, autoridad=localhost [] {"uid":"e3d14d2"}
[2019-11-17 01:10:56] UTN FRA LOGGER.INFO: metodo=POST, URI=http%3A%2F%2Flocalhost%2FProgramacionIII%2Fmodelo-SP%2Fpublic, RUTA=usuariosORM%2Flogin, autoridad=localhost [] {"uid":"7b00ecf"}
[2019-11-17 01:11:01] UTN FRA LOGGER.INFO: metodo=POST, URI=http%3A%2F%2Flocalhost%2FProgramacionIII%2Fmodelo-SP%2Fpublic, RUTA=usuariosORM%2Flogin, autoridad=localhost [] {"uid":"7ab21de"}
[2019-11-17 01:46:32] UTN FRA LOGGER.INFO: metodo=POST, URI=http%3A%2F%2Flocalhost%2FProgramacionIII%2Fmodelo-SP%2Fpublic, RUTA=usuariosORM%2Fmateria, autoridad=localhost [] {"uid":"3ef0b3a"}
[2019-11-17 01:46:49] UTN FRA LOGGER.INFO: metodo=POST, URI=http%3A%2F%2Flocalhost%2FProgramacionIII%2Fmodelo-SP%2Fpublic, RUTA=usuariosORM%2Fmateria, autoridad=localhost [] {"uid":"488c56f"}
[2019-11-17 01:47:27] UTN FRA LOGGER.INFO: metodo=POST, URI=http%3A%2F%2Flocalhost%2FProgramacionIII%2Fmodelo-SP%2Fpublic, RUTA=usuariosORM%2Fmateria, autoridad=localhost [] {"uid":"abbf645"}
[2019-11-17 01:48:27] UTN FRA LOGGER.INFO: metodo=POST, URI=http%3A%2F%2Flocalhost%2FProgramacionIII%2Fmodelo-SP%2Fpublic, RUTA=usuariosORM%2Fmateria, autoridad=localhost [] {"uid":"d888efd"}
[2019-11-17 01:50:43] UTN FRA LOGGER.INFO: metodo=POST, URI=http%3A%2F%2Flocalhost%2FProgramacionIII%2Fmodelo-SP%2Fpublic, RUTA=usuariosORM%2Fmateria, autoridad=localhost [] {"uid":"6674965"}
[2019-11-17 01:51:51] UTN FRA LOGGER.INFO: metodo=POST, URI=http%3A%2F%2Flocalhost%2FProgramacionIII%2Fmodelo-SP%2Fpublic, RUTA=usuariosORM%2Fmateria, autoridad=localhost [] {"uid":"4c6aac4"}
[2019-11-17 01:52:11] UTN FRA LOGGER.INFO: metodo=POST, URI=http%3A%2F%2Flocalhost%2FProgramacionIII%2Fmodelo-SP%2Fpublic, RUTA=usuariosORM%2Fmateria, autoridad=localhost [] {"uid":"4905701"}
[2019-11-17 01:52:21] UTN FRA LOGGER.INFO: metodo=POST, URI=http%3A%2F%2Flocalhost%2FProgramacionIII%2Fmodelo-SP%2Fpublic, RUTA=usuariosORM%2Fmateria, autoridad=localhost [] {"uid":"6d2e4ae"}
[2019-11-17 19:16:20] UTN FRA LOGGER.INFO: metodo=POST, URI=http%3A%2F%2Flocalhost%2FProgramacionIII%2Fmodelo-SP%2Fpublic, RUTA=usuariosORM%2Fmateria, autoridad=localhost [] {"uid":"98e7588"}
[2019-11-17 20:19:17] UTN FRA LOGGER.INFO: metodo=POST, URI=http%3A%2F%2Flocalhost%2FProgramacionIII%2Fmodelo-SP%2Fpublic, RUTA=usuariosORM%2Fmateria, autoridad=localhost [] {"uid":"a10d6df"}
[2019-11-17 20:19:41] UTN FRA LOGGER.INFO: metodo=POST, URI=http%3A%2F%2Flocalhost%2FProgramacionIII%2Fmodelo-SP%2Fpublic, RUTA=usuariosORM%2Flogin, autoridad=localhost [] {"uid":"922b983"}
[2019-11-17 20:20:10] UTN FRA LOGGER.INFO: metodo=POST, URI=http%3A%2F%2Flocalhost%2FProgramacionIII%2Fmodelo-SP%2Fpublic, RUTA=usuariosORM%2Fmateria, autoridad=localhost [] {"uid":"eb1af8f"}
[2019-11-17 20:21:34] UTN FRA LOGGER.INFO: metodo=POST, URI=http%3A%2F%2Flocalhost%2FProgramacionIII%2Fmodelo-SP%2Fpublic, RUTA=usuariosORM%2Fmateria, autoridad=localhost [] {"uid":"7300225"}
[2019-11-17 20:22:05] UTN FRA LOGGER.INFO: metodo=POST, URI=http%3A%2F%2Flocalhost%2FProgramacionIII%2Fmodelo-SP%2Fpublic, RUTA=usuariosORM%2Flogin, autoridad=localhost [] {"uid":"c1953ed"}
[2019-11-17 20:22:43] UTN FRA LOGGER.INFO: metodo=POST, URI=http%3A%2F%2Flocalhost%2FProgramacionIII%2Fmodelo-SP%2Fpublic, RUTA=usuariosORM%2Fmateria, autoridad=localhost [] {"uid":"09fa5c1"}
[2019-11-17 20:23:41] UTN FRA LOGGER.INFO: metodo=POST, URI=http%3A%2F%2Flocalhost%2FProgramacionIII%2Fmodelo-SP%2Fpublic, RUTA=usuariosORM%2Fusuario, autoridad=localhost [] {"uid":"fa71cf1"}
[2019-11-17 20:24:05] UTN FRA LOGGER.INFO: metodo=POST, URI=http%3A%2F%2Flocalhost%2FProgramacionIII%2Fmodelo-SP%2Fpublic, RUTA=usuariosORM%2Flogin, autoridad=localhost [] {"uid":"e0e439e"}
[2019-11-17 20:24:42] UTN FRA LOGGER.INFO: metodo=POST, URI=http%3A%2F%2Flocalhost%2FProgramacionIII%2Fmodelo-SP%2Fpublic, RUTA=usuariosORM%2Fmateria, autoridad=localhost [] {"uid":"a505be4"}
[2019-11-17 21:30:42] UTN FRA LOGGER.INFO: metodo=POST, URI=http%3A%2F%2Flocalhost%2FProgramacionIII%2Fmodelo-SP%2Fpublic, RUTA=usuariosORM%2Flogin, autoridad=localhost [] {"uid":"99ea5ea"}
[2019-11-17 21:32:28] UTN FRA LOGGER.INFO: metodo=POST, URI=http%3A%2F%2Flocalhost%2FProgramacionIII%2Fmodelo-SP%2Fpublic, RUTA=usuariosORM%2Fusuario%2F%257Blegajo%257D, autoridad=localhost [] {"uid":"a8cc7db"}
[2019-11-17 21:32:43] UTN FRA LOGGER.INFO: metodo=POST, URI=http%3A%2F%2Flocalhost%2FProgramacionIII%2Fmodelo-SP%2Fpublic, RUTA=usuariosORM%2Fusuario%2F6, autoridad=localhost [] {"uid":"95f538d"}
[2019-11-17 21:33:29] UTN FRA LOGGER.INFO: metodo=POST, URI=http%3A%2F%2Flocalhost%2FProgramacionIII%2Fmodelo-SP%2Fpublic, RUTA=usuariosORM%2Flogin, autoridad=localhost [] {"uid":"9ea0ff4"}
[2019-11-17 21:33:44] UTN FRA LOGGER.INFO: metodo=POST, URI=http%3A%2F%2Flocalhost%2FProgramacionIII%2Fmodelo-SP%2Fpublic, RUTA=usuariosORM%2Fusuario%2F6, autoridad=localhost [] {"uid":"e59a94e"}
[2019-11-17 21:35:01] UTN FRA LOGGER.INFO: metodo=POST, URI=http%3A%2F%2Flocalhost%2FProgramacionIII%2Fmodelo-SP%2Fpublic, RUTA=usuariosORM%2Fusuario%2F6, autoridad=localhost [] {"uid":"07554e3"}
[2019-11-17 21:36:39] UTN FRA LOGGER.INFO: metodo=POST, URI=http%3A%2F%2Flocalhost%2FProgramacionIII%2Fmodelo-SP%2Fpublic, RUTA=usuariosORM%2Fusuario%2F6, autoridad=localhost [] {"uid":"0a14333"}
[2019-11-17 21:36:45] UTN FRA LOGGER.INFO: metodo=POST, URI=http%3A%2F%2Flocalhost%2FProgramacionIII%2Fmodelo-SP%2Fpublic, RUTA=usuariosORM%2Flogin, autoridad=localhost [] {"uid":"06f0c7b"}
[2019-11-17 21:36:56] UTN FRA LOGGER.INFO: metodo=POST, URI=http%3A%2F%2Flocalhost%2FProgramacionIII%2Fmodelo-SP%2Fpublic, RUTA=usuariosORM%2Fusuario%2F6, autoridad=localhost [] {"uid":"f0c0f96"}
[2019-11-17 21:37:35] UTN FRA LOGGER.INFO: metodo=POST, URI=http%3A%2F%2Flocalhost%2FProgramacionIII%2Fmodelo-SP%2Fpublic, RUTA=usuariosORM%2Fusuario%2F6, autoridad=localhost [] {"uid":"51d0621"}
[2019-11-17 21:39:05] UTN FRA LOGGER.INFO: metodo=POST, URI=http%3A%2F%2Flocalhost%2FProgramacionIII%2Fmodelo-SP%2Fpublic, RUTA=usuariosORM%2Fusuario%2F6, autoridad=localhost [] {"uid":"ecda6d0"}
[2019-11-17 21:39:09] UTN FRA LOGGER.INFO: metodo=POST, URI=http%3A%2F%2Flocalhost%2FProgramacionIII%2Fmodelo-SP%2Fpublic, RUTA=usuariosORM%2Flogin, autoridad=localhost [] {"uid":"e7aa9ea"}
[2019-11-17 21:39:21] UTN FRA LOGGER.INFO: metodo=POST, URI=http%3A%2F%2Flocalhost%2FProgramacionIII%2Fmodelo-SP%2Fpublic, RUTA=usuariosORM%2Fusuario%2F6, autoridad=localhost [] {"uid":"188b536"}
[2019-11-17 21:39:54] UTN FRA LOGGER.INFO: metodo=POST, URI=http%3A%2F%2Flocalhost%2FProgramacionIII%2Fmodelo-SP%2Fpublic, RUTA=usuariosORM%2Fusuario%2F6, autoridad=localhost [] {"uid":"09fe68b"}
[2019-11-17 21:40:16] UTN FRA LOGGER.INFO: metodo=POST, URI=http%3A%2F%2Flocalhost%2FProgramacionIII%2Fmodelo-SP%2Fpublic, RUTA=usuariosORM%2Fusuario%2F6, autoridad=localhost [] {"uid":"701ebc3"}
[2019-11-17 21:40:32] UTN FRA LOGGER.INFO: metodo=POST, URI=http%3A%2F%2Flocalhost%2FProgramacionIII%2Fmodelo-SP%2Fpublic, RUTA=usuariosORM%2Fusuario%2F, autoridad=localhost [] {"uid":"16f2581"}
[2019-11-17 21:40:43] UTN FRA LOGGER.INFO: metodo=POST, URI=http%3A%2F%2Flocalhost%2FProgramacionIII%2Fmodelo-SP%2Fpublic, RUTA=usuariosORM%2Fusuario%2F3, autoridad=localhost [] {"uid":"2546b5f"}
[2019-11-17 21:41:22] UTN FRA LOGGER.INFO: metodo=POST, URI=http%3A%2F%2Flocalhost%2FProgramacionIII%2Fmodelo-SP%2Fpublic, RUTA=usuariosORM%2Fusuario%2F3, autoridad=localhost [] {"uid":"28d4729"}
[2019-11-17 21:41:47] UTN FRA LOGGER.INFO: metodo=POST, URI=http%3A%2F%2Flocalhost%2FProgramacionIII%2Fmodelo-SP%2Fpublic, RUTA=usuariosORM%2Flogin, autoridad=localhost [] {"uid":"27f2087"}
[2019-11-17 21:42:01] UTN FRA LOGGER.INFO: metodo=POST, URI=http%3A%2F%2Flocalhost%2FProgramacionIII%2Fmodelo-SP%2Fpublic, RUTA=usuariosORM%2Fusuario%2F3, autoridad=localhost [] {"uid":"6f98e3f"}
[2019-11-17 21:42:40] UTN FRA LOGGER.INFO: metodo=POST, URI=http%3A%2F%2Flocalhost%2FProgramacionIII%2Fmodelo-SP%2Fpublic, RUTA=usuariosORM%2Fusuario%2F3, autoridad=localhost [] {"uid":"eed1ccf"}
[2019-11-17 21:44:24] UTN FRA LOGGER.INFO: metodo=POST, URI=http%3A%2F%2Flocalhost%2FProgramacionIII%2Fmodelo-SP%2Fpublic, RUTA=usuariosORM%2Fusuario%2F3, autoridad=localhost [] {"uid":"651c116"}
[2019-11-17 21:45:05] UTN FRA LOGGER.INFO: metodo=POST, URI=http%3A%2F%2Flocalhost%2FProgramacionIII%2Fmodelo-SP%2Fpublic, RUTA=usuariosORM%2Fusuario%2F3, autoridad=localhost [] {"uid":"26ae31c"}
[2019-11-17 21:45:35] UTN FRA LOGGER.INFO: metodo=POST, URI=http%3A%2F%2Flocalhost%2FProgramacionIII%2Fmodelo-SP%2Fpublic, RUTA=usuariosORM%2Fusuario%2F3, autoridad=localhost [] {"uid":"0e016db"}
[2019-11-17 21:46:52] UTN FRA LOGGER.INFO: metodo=POST, URI=http%3A%2F%2Flocalhost%2FProgramacionIII%2Fmodelo-SP%2Fpublic, RUTA=usuariosORM%2Fusuario%2F3, autoridad=localhost [] {"uid":"066baa0"}
[2019-11-17 21:50:05] UTN FRA LOGGER.INFO: metodo=POST, URI=http%3A%2F%2Flocalhost%2FProgramacionIII%2Fmodelo-SP%2Fpublic, RUTA=usuariosORM%2Fusuario%2F3, autoridad=localhost [] {"uid":"a3f14b4"}
[2019-11-17 21:50:29] UTN FRA LOGGER.INFO: metodo=POST, URI=http%3A%2F%2Flocalhost%2FProgramacionIII%2Fmodelo-SP%2Fpublic, RUTA=usuariosORM%2Fusuario%2F3, autoridad=localhost [] {"uid":"dcb5b38"}
[2019-11-17 21:52:24] UTN FRA LOGGER.INFO: metodo=POST, URI=http%3A%2F%2Flocalhost%2FProgramacionIII%2Fmodelo-SP%2Fpublic, RUTA=usuariosORM%2Fusuario%2F3, autoridad=localhost [] {"uid":"1847bbc"}
[2019-11-17 21:53:37] UTN FRA LOGGER.INFO: metodo=POST, URI=http%3A%2F%2Flocalhost%2FProgramacionIII%2Fmodelo-SP%2Fpublic, RUTA=usuariosORM%2Fusuario%2F3, autoridad=localhost [] {"uid":"fb63db9"}
[2019-11-17 21:56:19] UTN FRA LOGGER.INFO: metodo=POST, URI=http%3A%2F%2Flocalhost%2FProgramacionIII%2Fmodelo-SP%2Fpublic, RUTA=usuariosORM%2Fusuario%2F3, autoridad=localhost [] {"uid":"f164bdf"}
[2019-11-17 21:57:26] UTN FRA LOGGER.INFO: metodo=POST, URI=http%3A%2F%2Flocalhost%2FProgramacionIII%2Fmodelo-SP%2Fpublic, RUTA=usuariosORM%2Fusuario%2F3, autoridad=localhost [] {"uid":"99432b7"}
[2019-11-17 21:57:53] UTN FRA LOGGER.INFO: metodo=POST, URI=http%3A%2F%2Flocalhost%2FProgramacionIII%2Fmodelo-SP%2Fpublic, RUTA=usuariosORM%2Fusuario%2F6, autoridad=localhost [] {"uid":"370cf87"}
[2019-11-17 22:18:23] UTN FRA LOGGER.INFO: metodo=POST, URI=http%3A%2F%2Flocalhost%2FProgramacionIII%2Fmodelo-SP%2Fpublic, RUTA=usuariosORM%2Fusuario%2F6, autoridad=localhost [] {"uid":"594114d"}
[2019-11-17 22:19:09] UTN FRA LOGGER.INFO: metodo=POST, URI=http%3A%2F%2Flocalhost%2FProgramacionIII%2Fmodelo-SP%2Fpublic, RUTA=usuariosORM%2Fusuario%2F6, autoridad=localhost [] {"uid":"4b8ab17"}
[2019-11-17 22:19:49] UTN FRA LOGGER.INFO: metodo=POST, URI=http%3A%2F%2Flocalhost%2FProgramacionIII%2Fmodelo-SP%2Fpublic, RUTA=usuariosORM%2Fusuario%2F6, autoridad=localhost [] {"uid":"c382b9c"}
[2019-11-17 22:20:49] UTN FRA LOGGER.INFO: metodo=POST, URI=http%3A%2F%2Flocalhost%2FProgramacionIII%2Fmodelo-SP%2Fpublic, RUTA=usuariosORM%2Fusuario%2F6, autoridad=localhost [] {"uid":"dcac9e8"}
[2019-11-17 22:22:09] UTN FRA LOGGER.INFO: metodo=POST, URI=http%3A%2F%2Flocalhost%2FProgramacionIII%2Fmodelo-SP%2Fpublic, RUTA=usuariosORM%2Flogin, autoridad=localhost [] {"uid":"af6a963"}
[2019-11-17 22:23:01] UTN FRA LOGGER.INFO: metodo=POST, URI=http%3A%2F%2Flocalhost%2FProgramacionIII%2Fmodelo-SP%2Fpublic, RUTA=usuariosORM%2Fusuario%2F6, autoridad=localhost [] {"uid":"5817e01"}
[2019-11-17 22:23:49] UTN FRA LOGGER.INFO: metodo=POST, URI=http%3A%2F%2Flocalhost%2FProgramacionIII%2Fmodelo-SP%2Fpublic, RUTA=usuariosORM%2Fusuario%2F7, autoridad=localhost [] {"uid":"b366aea"}
[2019-11-17 22:25:21] UTN FRA LOGGER.INFO: metodo=POST, URI=http%3A%2F%2Flocalhost%2FProgramacionIII%2Fmodelo-SP%2Fpublic, RUTA=usuariosORM%2Fusuario%2F6, autoridad=localhost [] {"uid":"c1c545f"}
[2019-11-17 22:25:28] UTN FRA LOGGER.INFO: metodo=POST, URI=http%3A%2F%2Flocalhost%2FProgramacionIII%2Fmodelo-SP%2Fpublic, RUTA=usuariosORM%2Fusuario%2F7, autoridad=localhost [] {"uid":"55f63a7"}
[2019-11-17 22:27:31] UTN FRA LOGGER.INFO: metodo=POST, URI=http%3A%2F%2Flocalhost%2FProgramacionIII%2Fmodelo-SP%2Fpublic, RUTA=usuariosORM%2Fusuario%2F7, autoridad=localhost [] {"uid":"d3d16eb"}
[2019-11-17 22:28:07] UTN FRA LOGGER.INFO: metodo=POST, URI=http%3A%2F%2Flocalhost%2FProgramacionIII%2Fmodelo-SP%2Fpublic, RUTA=usuariosORM%2Fusuario%2F7, autoridad=localhost [] {"uid":"ffc03e6"}
[2019-11-17 22:29:43] UTN FRA LOGGER.INFO: metodo=POST, URI=http%3A%2F%2Flocalhost%2FProgramacionIII%2Fmodelo-SP%2Fpublic, RUTA=usuariosORM%2Fusuario%2F7, autoridad=localhost [] {"uid":"0e615d2"}
[2019-11-17 22:31:37] UTN FRA LOGGER.INFO: metodo=POST, URI=http%3A%2F%2Flocalhost%2FProgramacionIII%2Fmodelo-SP%2Fpublic, RUTA=usuariosORM%2Fusuario%2F7, autoridad=localhost [] {"uid":"6a40a9d"}
[2019-11-17 22:33:00] UTN FRA LOGGER.INFO: metodo=POST, URI=http%3A%2F%2Flocalhost%2FProgramacionIII%2Fmodelo-SP%2Fpublic, RUTA=usuariosORM%2Fusuario%2F7, autoridad=localhost [] {"uid":"86a5bc7"}
[2019-11-18 21:23:13] UTN FRA LOGGER.INFO: metodo=POST, URI=http%3A%2F%2Flocalhost%2FProgramacionIII%2Fmodelo-SP%2Fpublic, RUTA=usuariosORM%2Flogin, autoridad=localhost [] {"uid":"7ef7987"}
[2019-11-18 21:24:04] UTN FRA LOGGER.INFO: metodo=POST, URI=http%3A%2F%2Flocalhost%2FProgramacionIII%2Fmodelo-SP%2Fpublic, RUTA=usuariosORM%2Fmateria%2F3, autoridad=localhost [] {"uid":"45dd063"}
[2019-11-18 21:24:39] UTN FRA LOGGER.INFO: metodo=POST, URI=http%3A%2F%2Flocalhost%2FProgramacionIII%2Fmodelo-SP%2Fpublic, RUTA=usuariosORM%2Fmateria%2F3, autoridad=localhost [] {"uid":"80357cf"}
[2019-11-18 21:25:50] UTN FRA LOGGER.INFO: metodo=POST, URI=http%3A%2F%2Flocalhost%2FProgramacionIII%2Fmodelo-SP%2Fpublic, RUTA=usuariosORM%2Fmateria%2F3, autoridad=localhost [] {"uid":"d5d03df"}
[2019-11-18 21:26:47] UTN FRA LOGGER.INFO: metodo=POST, URI=http%3A%2F%2Flocalhost%2FProgramacionIII%2Fmodelo-SP%2Fpublic, RUTA=usuariosORM%2Fmateria%2F3, autoridad=localhost [] {"uid":"085d6fc"}
[2019-11-18 21:29:30] UTN FRA LOGGER.INFO: metodo=POST, URI=http%3A%2F%2Flocalhost%2FProgramacionIII%2Fmodelo-SP%2Fpublic, RUTA=usuariosORM%2Fmateria%2F3, autoridad=localhost [] {"uid":"8914bb2"}
[2019-11-18 21:31:10] UTN FRA LOGGER.INFO: metodo=POST, URI=http%3A%2F%2Flocalhost%2FProgramacionIII%2Fmodelo-SP%2Fpublic, RUTA=usuariosORM%2Fmateria%2F3, autoridad=localhost [] {"uid":"98858d6"}
[2019-11-18 21:32:40] UTN FRA LOGGER.INFO: metodo=POST, URI=http%3A%2F%2Flocalhost%2FProgramacionIII%2Fmodelo-SP%2Fpublic, RUTA=usuariosORM%2Fmateria%2F3, autoridad=localhost [] {"uid":"9264811"}
[2019-11-18 21:33:38] UTN FRA LOGGER.INFO: metodo=POST, URI=http%3A%2F%2Flocalhost%2FProgramacionIII%2Fmodelo-SP%2Fpublic, RUTA=usuariosORM%2Fmateria%2F3, autoridad=localhost [] {"uid":"cf59cab"}
[2019-11-18 21:35:08] UTN FRA LOGGER.INFO: metodo=POST, URI=http%3A%2F%2Flocalhost%2FProgramacionIII%2Fmodelo-SP%2Fpublic, RUTA=usuariosORM%2Fmateria%2F3, autoridad=localhost [] {"uid":"f9d148a"}
[2019-11-18 21:53:17] UTN FRA LOGGER.INFO: metodo=POST, URI=http%3A%2F%2Flocalhost%2FProgramacionIII%2Fmodelo-SP%2Fpublic, RUTA=usuariosORM%2Fmateria%2F3, autoridad=localhost [] {"uid":"b42bac0"}
[2019-11-18 21:54:17] UTN FRA LOGGER.INFO: metodo=POST, URI=http%3A%2F%2Flocalhost%2FProgramacionIII%2Fmodelo-SP%2Fpublic, RUTA=usuariosORM%2Fmateria%2F3, autoridad=localhost [] {"uid":"6f60896"}
[2019-11-18 21:54:30] UTN FRA LOGGER.INFO: metodo=POST, URI=http%3A%2F%2Flocalhost%2FProgramacionIII%2Fmodelo-SP%2Fpublic, RUTA=usuariosORM%2Fmateria%2F3, autoridad=localhost [] {"uid":"13a1483"}
[2019-11-18 21:55:23] UTN FRA LOGGER.INFO: metodo=POST, URI=http%3A%2F%2Flocalhost%2FProgramacionIII%2Fmodelo-SP%2Fpublic, RUTA=usuariosORM%2Fmateria%2F4, autoridad=localhost [] {"uid":"397cfda"}
[2019-11-18 21:56:39] UTN FRA LOGGER.INFO: metodo=POST, URI=http%3A%2F%2Flocalhost%2FProgramacionIII%2Fmodelo-SP%2Fpublic, RUTA=usuariosORM%2Flogin, autoridad=localhost [] {"uid":"be855ec"}
[2019-11-18 21:56:55] UTN FRA LOGGER.INFO: metodo=POST, URI=http%3A%2F%2Flocalhost%2FProgramacionIII%2Fmodelo-SP%2Fpublic, RUTA=usuariosORM%2Fmateria, autoridad=localhost [] {"uid":"ae452a8"}
[2019-11-18 21:57:21] UTN FRA LOGGER.INFO: metodo=POST, URI=http%3A%2F%2Flocalhost%2FProgramacionIII%2Fmodelo-SP%2Fpublic, RUTA=usuariosORM%2Fmateria%2F4, autoridad=localhost [] {"uid":"6bc9e66"}
[2019-11-18 21:59:35] UTN FRA LOGGER.INFO: metodo=POST, URI=http%3A%2F%2Flocalhost%2FProgramacionIII%2Fmodelo-SP%2Fpublic, RUTA=usuariosORM%2Fmateria%2F4, autoridad=localhost [] {"uid":"76c5db6"}
[2019-11-18 22:08:15] UTN FRA LOGGER.INFO: metodo=POST, URI=http%3A%2F%2Flocalhost%2FProgramacionIII%2Fmodelo-SP%2Fpublic, RUTA=usuariosORM%2Fmateria%2F4, autoridad=localhost [] {"uid":"b9794a6"}
[2019-11-18 22:09:15] UTN FRA LOGGER.INFO: metodo=POST, URI=http%3A%2F%2Flocalhost%2FProgramacionIII%2Fmodelo-SP%2Fpublic, RUTA=usuariosORM%2Fmateria, autoridad=localhost [] {"uid":"97ea65b"}
[2019-11-18 22:09:30] UTN FRA LOGGER.INFO: metodo=POST, URI=http%3A%2F%2Flocalhost%2FProgramacionIII%2Fmodelo-SP%2Fpublic, RUTA=usuariosORM%2Fmateria%2F5, autoridad=localhost [] {"uid":"1b4796c"}
[2019-11-18 22:09:47] UTN FRA LOGGER.INFO: metodo=POST, URI=http%3A%2F%2Flocalhost%2FProgramacionIII%2Fmodelo-SP%2Fpublic, RUTA=usuariosORM%2Fmateria%2F5, autoridad=localhost [] {"uid":"7f7344a"}
[2019-11-18 22:09:57] UTN FRA LOGGER.INFO: metodo=POST, URI=http%3A%2F%2Flocalhost%2FProgramacionIII%2Fmodelo-SP%2Fpublic, RUTA=usuariosORM%2Fmateria%2F6, autoridad=localhost [] {"uid":"de76db2"}
[2019-11-18 22:10:03] UTN FRA LOGGER.INFO: metodo=POST, URI=http%3A%2F%2Flocalhost%2FProgramacionIII%2Fmodelo-SP%2Fpublic, RUTA=usuariosORM%2Fmateria%2F3, autoridad=localhost [] {"uid":"d28706d"}
[2019-11-18 22:44:45] UTN FRA LOGGER.INFO: metodo=POST, URI=http%3A%2F%2Flocalhost%2FProgramacionIII%2Fmodelo-SP%2Fpublic, RUTA=usuariosORM%2Flogin, autoridad=localhost [] {"uid":"cbf995e"}
[2019-11-18 22:45:16] UTN FRA LOGGER.INFO: metodo=GET, URI=http%3A%2F%2Flocalhost%2FProgramacionIII%2Fmodelo-SP%2Fpublic, RUTA=usuariosORM%2Fmaterias, autoridad=localhost [] {"uid":"fceca1e"}
[2019-11-18 22:46:46] UTN FRA LOGGER.INFO: metodo=GET, URI=http%3A%2F%2Flocalhost%2FProgramacionIII%2Fmodelo-SP%2Fpublic, RUTA=usuariosORM%2Fmaterias, autoridad=localhost [] {"uid":"08e04d3"}
[2019-11-18 23:10:04] UTN FRA LOGGER.INFO: metodo=GET, URI=http%3A%2F%2Flocalhost%2FProgramacionIII%2Fmodelo-SP%2Fpublic, RUTA=usuariosORM%2Fmaterias, autoridad=localhost [] {"uid":"1cea806"}
[2019-11-18 23:10:34] UTN FRA LOGGER.INFO: metodo=GET, URI=http%3A%2F%2Flocalhost%2FProgramacionIII%2Fmodelo-SP%2Fpublic, RUTA=usuariosORM%2Fmaterias, autoridad=localhost [] {"uid":"840a4c6"}
[2019-11-18 23:11:00] UTN FRA LOGGER.INFO: metodo=GET, URI=http%3A%2F%2Flocalhost%2FProgramacionIII%2Fmodelo-SP%2Fpublic, RUTA=usuariosORM%2Fmaterias, autoridad=localhost [] {"uid":"785b701"}
[2019-11-18 23:11:43] UTN FRA LOGGER.INFO: metodo=GET, URI=http%3A%2F%2Flocalhost%2FProgramacionIII%2Fmodelo-SP%2Fpublic, RUTA=usuariosORM%2Fmaterias, autoridad=localhost [] {"uid":"6831d73"}
[2019-11-18 23:12:33] UTN FRA LOGGER.INFO: metodo=GET, URI=http%3A%2F%2Flocalhost%2FProgramacionIII%2Fmodelo-SP%2Fpublic, RUTA=usuariosORM%2Fmaterias, autoridad=localhost [] {"uid":"d578979"}
[2019-11-18 23:28:14] UTN FRA LOGGER.INFO: metodo=POST, URI=http%3A%2F%2Flocalhost%2FProgramacionIII%2Fmodelo-SP%2Fpublic, RUTA=usuariosORM%2Flogin, autoridad=localhost [] {"uid":"e2acc9f"}
[2019-11-18 23:28:36] UTN FRA LOGGER.INFO: metodo=POST, URI=http%3A%2F%2Flocalhost%2FProgramacionIII%2Fmodelo-SP%2Fpublic, RUTA=usuariosORM%2Fmateria, autoridad=localhost [] {"uid":"d87d63e"}
[2019-11-18 23:42:04] UTN FRA LOGGER.INFO: metodo=POST, URI=http%3A%2F%2Flocalhost%2FProgramacionIII%2Fmodelo-SP%2Fpublic, RUTA=usuariosORM%2Flogin, autoridad=localhost [] {"uid":"1fa37ba"}
[2019-11-18 23:42:20] UTN FRA LOGGER.INFO: metodo=POST, URI=http%3A%2F%2Flocalhost%2FProgramacionIII%2Fmodelo-SP%2Fpublic, RUTA=usuariosORM%2Fusuario%2F7, autoridad=localhost [] {"uid":"d1cf644"}
[2019-11-18 23:46:19] UTN FRA LOGGER.INFO: metodo=POST, URI=http%3A%2F%2Flocalhost%2FProgramacionIII%2Fmodelo-SP%2Fpublic, RUTA=usuariosORM%2Fusuario%2F7, autoridad=localhost [] {"uid":"3a8afc0"}
[2019-11-18 23:47:19] UTN FRA LOGGER.INFO: metodo=POST, URI=http%3A%2F%2Flocalhost%2FProgramacionIII%2Fmodelo-SP%2Fpublic, RUTA=usuariosORM%2Fusuario%2F7, autoridad=localhost [] {"uid":"392233d"}
[2019-11-18 23:47:40] UTN FRA LOGGER.INFO: metodo=POST, URI=http%3A%2F%2Flocalhost%2FProgramacionIII%2Fmodelo-SP%2Fpublic, RUTA=usuariosORM%2Fusuario%2F7, autoridad=localhost [] {"uid":"50ac65e"}
[2019-11-18 23:59:15] UTN FRA LOGGER.INFO: metodo=POST, URI=http%3A%2F%2Flocalhost%2FProgramacionIII%2Fmodelo-SP%2Fpublic, RUTA=usuariosORM%2Fusuario%2F7, autoridad=localhost [] {"uid":"046c4d9"}
[2019-11-18 23:59:38] UTN FRA LOGGER.INFO: metodo=POST, URI=http%3A%2F%2Flocalhost%2FProgramacionIII%2Fmodelo-SP%2Fpublic, RUTA=usuariosORM%2Fusuario%2F7, autoridad=localhost [] {"uid":"16457b4"}
[2019-11-19 00:00:03] UTN FRA LOGGER.INFO: metodo=POST, URI=http%3A%2F%2Flocalhost%2FProgramacionIII%2Fmodelo-SP%2Fpublic, RUTA=usuariosORM%2Fusuario%2F7, autoridad=localhost [] {"uid":"9cf608a"}
[2019-11-19 00:00:40] UTN FRA LOGGER.INFO: metodo=POST, URI=http%3A%2F%2Flocalhost%2FProgramacionIII%2Fmodelo-SP%2Fpublic, RUTA=usuariosORM%2Fusuario%2F7, autoridad=localhost [] {"uid":"8903cdd"}
[2019-11-19 00:03:16] UTN FRA LOGGER.INFO: metodo=POST, URI=http%3A%2F%2Flocalhost%2FProgramacionIII%2Fmodelo-SP%2Fpublic, RUTA=usuariosORM%2Flogin, autoridad=localhost [] {"uid":"6d895a0"}
[2019-11-19 00:03:37] UTN FRA LOGGER.INFO: metodo=POST, URI=http%3A%2F%2Flocalhost%2FProgramacionIII%2Fmodelo-SP%2Fpublic, RUTA=usuariosORM%2Fmateria%2F3, autoridad=localhost [] {"uid":"02377bf"}
[2019-11-19 00:03:54] UTN FRA LOGGER.INFO: metodo=POST, URI=http%3A%2F%2Flocalhost%2FProgramacionIII%2Fmodelo-SP%2Fpublic, RUTA=usuariosORM%2Fmateria%2F3, autoridad=localhost [] {"uid":"e8bd26f"}
[2019-11-19 00:04:21] UTN FRA LOGGER.INFO: metodo=GET, URI=http%3A%2F%2Flocalhost%2FProgramacionIII%2Fmodelo-SP%2Fpublic, RUTA=usuariosORM%2Fmaterias, autoridad=localhost [] {"uid":"15cb0e5"}
[2019-11-19 15:45:09] UTN FRA LOGGER.INFO: metodo=POST, URI=http%3A%2F%2Flocalhost%2FProgramacionIII%2Fmodelo-SP%2Fpublic, RUTA=usuariosORM%2Flogin, autoridad=localhost [] {"uid":"9d69979"}
[2019-11-19 15:45:40] UTN FRA LOGGER.INFO: metodo=POST, URI=http%3A%2F%2Flocalhost%2FProgramacionIII%2Fmodelo-SP%2Fpublic, RUTA=usuariosORM%2Flogin, autoridad=localhost [] {"uid":"7ece8f2"}
[2019-11-19 15:46:25] UTN FRA LOGGER.INFO: metodo=GET, URI=http%3A%2F%2Flocalhost%2FProgramacionIII%2Fmodelo-SP%2Fpublic, RUTA=usuariosORM%2Fmaterias%2Fid, autoridad=localhost [] {"uid":"5e06f12"}
[2019-11-19 15:46:33] UTN FRA LOGGER.INFO: metodo=POST, URI=http%3A%2F%2Flocalhost%2FProgramacionIII%2Fmodelo-SP%2Fpublic, RUTA=usuariosORM%2Flogin, autoridad=localhost [] {"uid":"9d7dfd7"}
[2019-11-19 15:47:12] UTN FRA LOGGER.INFO: metodo=GET, URI=http%3A%2F%2Flocalhost%2FProgramacionIII%2Fmodelo-SP%2Fpublic, RUTA=usuariosORM%2Fmaterias%2F3, autoridad=localhost [] {"uid":"abdbbca"}
[2019-11-19 15:48:03] UTN FRA LOGGER.INFO: metodo=GET, URI=http%3A%2F%2Flocalhost%2FProgramacionIII%2Fmodelo-SP%2Fpublic, RUTA=usuariosORM%2Fmateria%2F3, autoridad=localhost [] {"uid":"3388570"}
[2019-11-19 22:54:25] UTN FRA LOGGER.INFO: metodo=POST, URI=http%3A%2F%2Flocalhost%2FSegundoParcial%2Fpublic, RUTA=users, autoridad=localhost [] {"uid":"64d90e0"}
[2019-11-19 22:55:21] UTN FRA LOGGER.INFO: metodo=POST, URI=http%3A%2F%2Flocalhost%2FSegundoParcial%2Fpublic, RUTA=usuariosORM%2Fusers, autoridad=localhost [] {"uid":"099f154"}
[2019-11-19 22:57:15] UTN FRA LOGGER.INFO: metodo=POST, URI=http%3A%2F%2Flocalhost%2FSegundoParcial%2Fpublic, RUTA=usuariosORM%2Fusers, autoridad=localhost [] {"uid":"ac7a38d"}
[2019-11-19 22:57:46] UTN FRA LOGGER.INFO: metodo=POST, URI=http%3A%2F%2Flocalhost%2FSegundoParcial%2Fpublic, RUTA=usuariosORM%2Fusers, autoridad=localhost [] {"uid":"68f40bf"}
[2019-11-19 22:59:06] UTN FRA LOGGER.INFO: metodo=POST, URI=http%3A%2F%2Flocalhost%2FSegundoParcial%2Fpublic, RUTA=usuariosORM%2Fusers, autoridad=localhost [] {"uid":"fdb78ed"}
[2019-11-19 22:59:45] UTN FRA LOGGER.INFO: metodo=POST, URI=http%3A%2F%2Flocalhost%2FSegundoParcial%2Fpublic, RUTA=usuariosORM%2Fusers, autoridad=localhost [] {"uid":"1064245"}
[2019-11-19 23:00:08] UTN FRA LOGGER.INFO: metodo=POST, URI=http%3A%2F%2Flocalhost%2FSegundoParcial%2Fpublic, RUTA=usuariosORM%2Fusers, autoridad=localhost [] {"uid":"3d1e25c"}
[2019-11-19 23:03:46] UTN FRA LOGGER.INFO: metodo=POST, URI=http%3A%2F%2Flocalhost%2FSegundoParcial%2Fpublic, RUTA=usuariosORM%2Fusers, autoridad=localhost [] {"uid":"73179b1"}
[2019-11-19 23:04:49] UTN FRA LOGGER.INFO: metodo=POST, URI=http%3A%2F%2Flocalhost%2FSegundoParcial%2Fpublic, RUTA=usuariosORM%2Fusers, autoridad=localhost [] {"uid":"2a146e1"}
[2019-11-19 23:05:30] UTN FRA LOGGER.INFO: metodo=POST, URI=http%3A%2F%2Flocalhost%2FSegundoParcial%2Fpublic, RUTA=usuariosORM%2Fusers, autoridad=localhost [] {"uid":"bf85a9b"}
[2019-11-19 23:06:16] UTN FRA LOGGER.INFO: metodo=POST, URI=http%3A%2F%2Flocalhost%2FSegundoParcial%2Fpublic, RUTA=usuariosORM%2Fusers, autoridad=localhost [] {"uid":"ad5f703"}
[2019-11-19 23:07:20] UTN FRA LOGGER.INFO: metodo=POST, URI=http%3A%2F%2Flocalhost%2FSegundoParcial%2Fpublic, RUTA=usuariosORM%2Fusers, autoridad=localhost [] {"uid":"c40d32d"}
[2019-11-19 23:08:29] UTN FRA LOGGER.INFO: metodo=POST, URI=http%3A%2F%2Flocalhost%2FSegundoParcial%2Fpublic, RUTA=usuariosORM%2Fusers, autoridad=localhost [] {"uid":"d20a673"}
[2019-11-19 23:09:27] UTN FRA LOGGER.INFO: metodo=POST, URI=http%3A%2F%2Flocalhost%2FSegundoParcial%2Fpublic, RUTA=usuariosORM%2Fusers, autoridad=localhost [] {"uid":"b49de62"}
[2019-11-19 23:09:49] UTN FRA LOGGER.INFO: metodo=POST, URI=http%3A%2F%2Flocalhost%2FSegundoParcial%2Fpublic, RUTA=usuariosORM%2Fusers, autoridad=localhost [] {"uid":"348e96d"}
[2019-11-19 23:10:38] UTN FRA LOGGER.INFO: metodo=POST, URI=http%3A%2F%2Flocalhost%2FSegundoParcial%2Fpublic, RUTA=usuariosORM%2Fusers, autoridad=localhost [] {"uid":"2148015"}
[2019-11-19 23:11:17] UTN FRA LOGGER.INFO: metodo=POST, URI=http%3A%2F%2Flocalhost%2FSegundoParcial%2Fpublic, RUTA=usuariosORM%2Fusers, autoridad=localhost [] {"uid":"3b6fc28"}
[2019-11-19 23:12:16] UTN FRA LOGGER.INFO: metodo=POST, URI=http%3A%2F%2Flocalhost%2FSegundoParcial%2Fpublic, RUTA=usuariosORM%2Fusers, autoridad=localhost [] {"uid":"5ce671b"}
[2019-11-19 23:12:50] UTN FRA LOGGER.INFO: metodo=POST, URI=http%3A%2F%2Flocalhost%2FSegundoParcial%2Fpublic, RUTA=usuariosORM%2Fusers, autoridad=localhost [] {"uid":"11901d1"}
[2019-11-19 23:13:07] UTN FRA LOGGER.INFO: metodo=POST, URI=http%3A%2F%2Flocalhost%2FSegundoParcial%2Fpublic, RUTA=usuariosORM%2Fusers, autoridad=localhost [] {"uid":"114d4b1"}
[2019-11-19 23:13:30] UTN FRA LOGGER.INFO: metodo=POST, URI=http%3A%2F%2Flocalhost%2FSegundoParcial%2Fpublic, RUTA=usuariosORM%2Fusers, autoridad=localhost [] {"uid":"96f730e"}
[2019-11-19 23:14:53] UTN FRA LOGGER.INFO: metodo=POST, URI=http%3A%2F%2Flocalhost%2FSegundoParcial%2Fpublic, RUTA=usuariosORM%2Fusers, autoridad=localhost [] {"uid":"889cb94"}
[2019-11-19 23:16:01] UTN FRA LOGGER.INFO: metodo=POST, URI=http%3A%2F%2Flocalhost%2FSegundoParcial%2Fpublic, RUTA=usuariosORM%2Fusers, autoridad=localhost [] {"uid":"96008ed"}
[2019-11-19 23:17:10] UTN FRA LOGGER.INFO: metodo=POST, URI=http%3A%2F%2Flocalhost%2FSegundoParcial%2Fpublic, RUTA=usuariosORM%2Fusers, autoridad=localhost [] {"uid":"73a959f"}
[2019-11-19 23:17:31] UTN FRA LOGGER.INFO: metodo=POST, URI=http%3A%2F%2Flocalhost%2FSegundoParcial%2Fpublic, RUTA=usuariosORM%2Fusers, autoridad=localhost [] {"uid":"ebdc84b"}
[2019-11-19 23:17:50] UTN FRA LOGGER.INFO: metodo=POST, URI=http%3A%2F%2Flocalhost%2FSegundoParcial%2Fpublic, RUTA=usuariosORM%2Fusers, autoridad=localhost [] {"uid":"1d99b32"}
[2019-11-19 23:24:26] UTN FRA LOGGER.INFO: metodo=POST, URI=http%3A%2F%2Flocalhost%2FSegundoParcial%2Fpublic, RUTA=usuariosORM%2Flogin, autoridad=localhost [] {"uid":"39e60df"}
[2019-11-19 23:25:12] UTN FRA LOGGER.INFO: metodo=POST, URI=http%3A%2F%2Flocalhost%2FSegundoParcial%2Fpublic, RUTA=usuariosORM%2Flogin, autoridad=localhost [] {"uid":"a6ca61c"}
[2019-11-19 23:25:59] UTN FRA LOGGER.INFO: metodo=POST, URI=http%3A%2F%2Flocalhost%2FSegundoParcial%2Fpublic, RUTA=usuariosORM%2Flogin, autoridad=localhost [] {"uid":"0b44853"}
[2019-11-19 23:26:14] UTN FRA LOGGER.INFO: metodo=POST, URI=http%3A%2F%2Flocalhost%2FSegundoParcial%2Fpublic, RUTA=usuariosORM%2Flogin, autoridad=localhost [] {"uid":"f4d714f"}
[2019-11-19 23:27:35] UTN FRA LOGGER.INFO: metodo=POST, URI=http%3A%2F%2Flocalhost%2FSegundoParcial%2Fpublic, RUTA=usuariosORM%2Flogin, autoridad=localhost [] {"uid":"052b37e"}
[2019-11-19 23:28:00] UTN FRA LOGGER.INFO: metodo=POST, URI=http%3A%2F%2Flocalhost%2FSegundoParcial%2Fpublic, RUTA=usuariosORM%2Flogin, autoridad=localhost [] {"uid":"69ea8a8"}
[2019-11-19 23:28:58] UTN FRA LOGGER.INFO: metodo=POST, URI=http%3A%2F%2Flocalhost%2FSegundoParcial%2Fpublic, RUTA=usuariosORM%2Flogin, autoridad=localhost [] {"uid":"cc58b45"}
[2019-11-19 23:30:02] UTN FRA LOGGER.INFO: metodo=POST, URI=http%3A%2F%2Flocalhost%2FSegundoParcial%2Fpublic, RUTA=usuariosORM%2Flogin, autoridad=localhost [] {"uid":"8755020"}
[2019-11-19 23:30:11] UTN FRA LOGGER.INFO: metodo=POST, URI=http%3A%2F%2Flocalhost%2FSegundoParcial%2Fpublic, RUTA=usuariosORM%2Flogin, autoridad=localhost [] {"uid":"6fb341e"}
[2019-11-19 23:30:16] UTN FRA LOGGER.INFO: metodo=POST, URI=http%3A%2F%2Flocalhost%2FSegundoParcial%2Fpublic, RUTA=usuariosORM%2Flogin, autoridad=localhost [] {"uid":"d7caedb"}
[2019-11-19 23:32:39] UTN FRA LOGGER.INFO: metodo=POST, URI=http%3A%2F%2Flocalhost%2FSegundoParcial%2Fpublic, RUTA=usuariosORM%2Fusers, autoridad=localhost [] {"uid":"eee1406"}
[2019-11-19 23:34:13] UTN FRA LOGGER.INFO: metodo=POST, URI=http%3A%2F%2Flocalhost%2FSegundoParcial%2Fpublic, RUTA=usuariosORM%2Fusers, autoridad=localhost [] {"uid":"f2e6cba"}
[2019-11-19 23:34:35] UTN FRA LOGGER.INFO: metodo=POST, URI=http%3A%2F%2Flocalhost%2FSegundoParcial%2Fpublic, RUTA=usuariosORM%2Fusers, autoridad=localhost [] {"uid":"41bf649"}
[2019-11-19 23:35:57] UTN FRA LOGGER.INFO: metodo=POST, URI=http%3A%2F%2Flocalhost%2FSegundoParcial%2Fpublic, RUTA=usuariosORM%2Fusers, autoridad=localhost [] {"uid":"c7c1be7"}
[2019-11-19 23:36:03] UTN FRA LOGGER.INFO: metodo=POST, URI=http%3A%2F%2Flocalhost%2FSegundoParcial%2Fpublic, RUTA=usuariosORM%2Fusers, autoridad=localhost [] {"uid":"b9ac65f"}
[2019-11-19 23:36:07] UTN FRA LOGGER.INFO: metodo=POST, URI=http%3A%2F%2Flocalhost%2FSegundoParcial%2Fpublic, RUTA=usuariosORM%2Fusers, autoridad=localhost [] {"uid":"9947910"}
[2019-11-19 23:36:24] UTN FRA LOGGER.INFO: metodo=POST, URI=http%3A%2F%2Flocalhost%2FSegundoParcial%2Fpublic, RUTA=usuariosORM%2Flogin, autoridad=localhost [] {"uid":"73eaf58"}
[2019-11-19 23:36:29] UTN FRA LOGGER.INFO: metodo=POST, URI=http%3A%2F%2Flocalhost%2FSegundoParcial%2Fpublic, RUTA=usuariosORM%2Flogin, autoridad=localhost [] {"uid":"8ae41ac"}
[2019-11-19 23:36:33] UTN FRA LOGGER.INFO: metodo=POST, URI=http%3A%2F%2Flocalhost%2FSegundoParcial%2Fpublic, RUTA=usuariosORM%2Flogin, autoridad=localhost [] {"uid":"cee8cdd"}
[2019-11-19 23:52:22] UTN FRA LOGGER.INFO: metodo=POST, URI=http%3A%2F%2Flocalhost%2FSegundoParcial%2Fpublic, RUTA=usuariosORM%2Flogin, autoridad=localhost [] {"uid":"827a512"}
[2019-11-19 23:52:31] UTN FRA LOGGER.INFO: metodo=PUT, URI=http%3A%2F%2Flocalhost%2FSegundoParcial%2Fpublic, RUTA=usuariosORM%2Fingreso, autoridad=localhost [] {"uid":"3b3db69"}
[2019-11-20 00:04:10] UTN FRA LOGGER.INFO: metodo=PUT, URI=http%3A%2F%2Flocalhost%2FSegundoParcial%2Fpublic, RUTA=usuariosORM%2Fingreso, autoridad=localhost [] {"uid":"f3a7b92"}
[2019-11-20 00:07:00] UTN FRA LOGGER.INFO: metodo=PUT, URI=http%3A%2F%2Flocalhost%2FSegundoParcial%2Fpublic, RUTA=usuariosORM%2Fingreso, autoridad=localhost [] {"uid":"c28dcdb"}
[2019-11-20 00:08:32] UTN FRA LOGGER.INFO: metodo=PUT, URI=http%3A%2F%2Flocalhost%2FSegundoParcial%2Fpublic, RUTA=usuariosORM%2Fingreso, autoridad=localhost [] {"uid":"bb43c27"}
[2019-11-20 00:08:34] UTN FRA LOGGER.INFO: metodo=PUT, URI=http%3A%2F%2Flocalhost%2FSegundoParcial%2Fpublic, RUTA=usuariosORM%2Fingreso, autoridad=localhost [] {"uid":"2d0009a"}
[2019-11-20 00:08:48] UTN FRA LOGGER.INFO: metodo=PUT, URI=http%3A%2F%2Flocalhost%2FSegundoParcial%2Fpublic, RUTA=usuariosORM%2Fingreso, autoridad=localhost [] {"uid":"89e8ed9"}
[2019-11-20 00:09:50] UTN FRA LOGGER.INFO: metodo=PUT, URI=http%3A%2F%2Flocalhost%2FSegundoParcial%2Fpublic, RUTA=usuariosORM%2Fingreso, autoridad=localhost [] {"uid":"fccc093"}
[2019-11-20 00:19:05] UTN FRA LOGGER.INFO: metodo=POST, URI=http%3A%2F%2Flocalhost%2FSegundoParcial%2Fpublic, RUTA=usuariosORM%2Flogin, autoridad=localhost [] {"uid":"705d84e"}
[2019-11-20 00:19:31] UTN FRA LOGGER.INFO: metodo=POST, URI=http%3A%2F%2Flocalhost%2FSegundoParcial%2Fpublic, RUTA=usuariosORM%2Flogin, autoridad=localhost [] {"uid":"0354db4"}
[2019-11-20 00:19:43] UTN FRA LOGGER.INFO: metodo=PUT, URI=http%3A%2F%2Flocalhost%2FSegundoParcial%2Fpublic, RUTA=usuariosORM%2Fingreso, autoridad=localhost [] {"uid":"7b0e299"}
[2019-11-20 00:20:27] UTN FRA LOGGER.INFO: metodo=PUT, URI=http%3A%2F%2Flocalhost%2FSegundoParcial%2Fpublic, RUTA=usuariosORM%2Fegreso, autoridad=localhost [] {"uid":"ee4eea4"}
[2019-11-20 00:22:02] UTN FRA LOGGER.INFO: metodo=PUT, URI=http%3A%2F%2Flocalhost%2FSegundoParcial%2Fpublic, RUTA=usuariosORM%2Fingreso, autoridad=localhost [] {"uid":"e4dfd31"}
[2019-11-20 00:22:44] UTN FRA LOGGER.INFO: metodo=PUT, URI=http%3A%2F%2Flocalhost%2FSegundoParcial%2Fpublic, RUTA=usuariosORM%2Fegreso, autoridad=localhost [] {"uid":"04cc560"}
[2019-11-20 00:23:36] UTN FRA LOGGER.INFO: metodo=PUT, URI=http%3A%2F%2Flocalhost%2FSegundoParcial%2Fpublic, RUTA=usuariosORM%2Fegreso, autoridad=localhost [] {"uid":"f16784f"}
[2019-11-20 00:24:36] UTN FRA LOGGER.INFO: metodo=PUT, URI=http%3A%2F%2Flocalhost%2FSegundoParcial%2Fpublic, RUTA=usuariosORM%2Fegreso, autoridad=localhost [] {"uid":"b1cbbc3"}
[2019-11-20 00:25:13] UTN FRA LOGGER.INFO: metodo=PUT, URI=http%3A%2F%2Flocalhost%2FSegundoParcial%2Fpublic, RUTA=usuariosORM%2Fingreso, autoridad=localhost [] {"uid":"bda771a"}
[2019-11-20 00:25:16] UTN FRA LOGGER.INFO: metodo=PUT, URI=http%3A%2F%2Flocalhost%2FSegundoParcial%2Fpublic, RUTA=usuariosORM%2Fegreso, autoridad=localhost [] {"uid":"e233579"}
[2019-11-20 00:27:55] UTN FRA LOGGER.INFO: metodo=PUT, URI=http%3A%2F%2Flocalhost%2FSegundoParcial%2Fpublic, RUTA=usuariosORM%2Fingreso, autoridad=localhost [] {"uid":"385f748"}
[2019-11-20 00:27:56] UTN FRA LOGGER.INFO: metodo=PUT, URI=http%3A%2F%2Flocalhost%2FSegundoParcial%2Fpublic, RUTA=usuariosORM%2Fingreso, autoridad=localhost [] {"uid":"e5eb06c"}
[2019-11-20 00:27:57] UTN FRA LOGGER.INFO: metodo=PUT, URI=http%3A%2F%2Flocalhost%2FSegundoParcial%2Fpublic, RUTA=usuariosORM%2Fingreso, autoridad=localhost [] {"uid":"8dc234c"}
[2019-11-20 00:28:05] UTN FRA LOGGER.INFO: metodo=PUT, URI=http%3A%2F%2Flocalhost%2FSegundoParcial%2Fpublic, RUTA=usuariosORM%2Fingreso, autoridad=localhost [] {"uid":"98d6c41"}
[2019-11-20 00:28:08] UTN FRA LOGGER.INFO: metodo=PUT, URI=http%3A%2F%2Flocalhost%2FSegundoParcial%2Fpublic, RUTA=usuariosORM%2Fegreso, autoridad=localhost [] {"uid":"46bdd1c"}
[2019-11-20 00:28:10] UTN FRA LOGGER.INFO: metodo=PUT, URI=http%3A%2F%2Flocalhost%2FSegundoParcial%2Fpublic, RUTA=usuariosORM%2Fegreso, autoridad=localhost [] {"uid":"68577c1"}
[2019-11-20 00:28:27] UTN FRA LOGGER.INFO: metodo=PUT, URI=http%3A%2F%2Flocalhost%2FSegundoParcial%2Fpublic, RUTA=usuariosORM%2Fegreso, autoridad=localhost [] {"uid":"f646e37"}
[2019-11-20 00:28:39] UTN FRA LOGGER.INFO: metodo=PUT, URI=http%3A%2F%2Flocalhost%2FSegundoParcial%2Fpublic, RUTA=usuariosORM%2Fegreso, autoridad=localhost [] {"uid":"89451dc"}
[2019-11-20 00:32:47] UTN FRA LOGGER.INFO: metodo=PUT, URI=http%3A%2F%2Flocalhost%2FSegundoParcial%2Fpublic, RUTA=usuariosORM%2Fingreso, autoridad=localhost [] {"uid":"6ce43bc"}
[2019-11-20 00:33:14] UTN FRA LOGGER.INFO: metodo=PUT, URI=http%3A%2F%2Flocalhost%2FSegundoParcial%2Fpublic, RUTA=usuariosORM%2Fingreso, autoridad=localhost [] {"uid":"79d708e"}
[2019-11-20 00:33:33] UTN FRA LOGGER.INFO: metodo=PUT, URI=http%3A%2F%2Flocalhost%2FSegundoParcial%2Fpublic, RUTA=usuariosORM%2Fingreso, autoridad=localhost [] {"uid":"ffd67e4"}
[2019-11-20 00:33:55] UTN FRA LOGGER.INFO: metodo=PUT, URI=http%3A%2F%2Flocalhost%2FSegundoParcial%2Fpublic, RUTA=usuariosORM%2Fegreso, autoridad=localhost [] {"uid":"814e36e"}
[2019-11-20 00:34:36] UTN FRA LOGGER.INFO: metodo=PUT, URI=http%3A%2F%2Flocalhost%2FSegundoParcial%2Fpublic, RUTA=usuariosORM%2Fegreso, autoridad=localhost [] {"uid":"233f817"}
[2019-11-20 00:34:48] UTN FRA LOGGER.INFO: metodo=PUT, URI=http%3A%2F%2Flocalhost%2FSegundoParcial%2Fpublic, RUTA=usuariosORM%2Fegreso, autoridad=localhost [] {"uid":"0087535"}
[2019-11-20 00:35:00] UTN FRA LOGGER.INFO: metodo=PUT, URI=http%3A%2F%2Flocalhost%2FSegundoParcial%2Fpublic, RUTA=usuariosORM%2Fegreso, autoridad=localhost [] {"uid":"bf7e433"}
[2019-11-20 00:41:07] UTN FRA LOGGER.INFO: metodo=GET, URI=http%3A%2F%2Flocalhost%2FSegundoParcial%2Fpublic, RUTA=usuariosORM%2Fingreso, autoridad=localhost [] {"uid":"70b42d8"}
[2019-11-20 00:41:39] UTN FRA LOGGER.INFO: metodo=GET, URI=http%3A%2F%2Flocalhost%2FSegundoParcial%2Fpublic, RUTA=usuariosORM%2Fingreso, autoridad=localhost [] {"uid":"a7d9448"}
[2019-11-20 00:43:44] UTN FRA LOGGER.INFO: metodo=PUT, URI=http%3A%2F%2Flocalhost%2FSegundoParcial%2Fpublic, RUTA=usuariosORM%2Fegreso, autoridad=localhost [] {"uid":"778f597"}
[2019-11-20 00:43:58] UTN FRA LOGGER.INFO: metodo=GET, URI=http%3A%2F%2Flocalhost%2FSegundoParcial%2Fpublic, RUTA=usuariosORM%2Fingreso, autoridad=localhost [] {"uid":"76983ab"}
[2019-11-20 00:51:14] UTN FRA LOGGER.INFO: metodo=GET, URI=http%3A%2F%2Flocalhost%2FSegundoParcial%2Fpublic, RUTA=usuariosORM%2FingresoUltimo, autoridad=localhost [] {"uid":"6285438"}
[2019-11-20 00:51:39] UTN FRA LOGGER.INFO: metodo=GET, URI=http%3A%2F%2Flocalhost%2FSegundoParcial%2Fpublic, RUTA=usuariosORM%2FingresoUltimo, autoridad=localhost [] {"uid":"53f825d"}
[2019-11-20 00:53:22] UTN FRA LOGGER.INFO: metodo=GET, URI=http%3A%2F%2Flocalhost%2FSegundoParcial%2Fpublic, RUTA=usuariosORM%2FingresoUltimo, autoridad=localhost [] {"uid":"52dacb2"}
[2019-11-20 00:53:23] UTN FRA LOGGER.INFO: metodo=GET, URI=http%3A%2F%2Flocalhost%2FSegundoParcial%2Fpublic, RUTA=usuariosORM%2FingresoUltimo, autoridad=localhost [] {"uid":"58a15f7"}
[2019-11-20 00:53:24] UTN FRA LOGGER.INFO: metodo=GET, URI=http%3A%2F%2Flocalhost%2FSegundoParcial%2Fpublic, RUTA=usuariosORM%2FingresoUltimo, autoridad=localhost [] {"uid":"a962493"}
[2019-11-20 00:53:43] UTN FRA LOGGER.INFO: metodo=GET, URI=http%3A%2F%2Flocalhost%2FSegundoParcial%2Fpublic, RUTA=usuariosORM%2FingresoUltimo, autoridad=localhost [] {"uid":"6e0f5c0"}
[2019-11-20 00:54:24] UTN FRA LOGGER.INFO: metodo=GET, URI=http%3A%2F%2Flocalhost%2FSegundoParcial%2Fpublic, RUTA=usuariosORM%2FingresoUltimo, autoridad=localhost [] {"uid":"ca1bb18"}
[2019-11-20 00:54:50] UTN FRA LOGGER.INFO: metodo=GET, URI=http%3A%2F%2Flocalhost%2FSegundoParcial%2Fpublic, RUTA=usuariosORM%2FingresoUltimo, autoridad=localhost [] {"uid":"dd1830c"}
[2019-11-20 00:55:07] UTN FRA LOGGER.INFO: metodo=GET, URI=http%3A%2F%2Flocalhost%2FSegundoParcial%2Fpublic, RUTA=usuariosORM%2FingresoUltimo, autoridad=localhost [] {"uid":"6010524"}
[2019-11-20 00:55:22] UTN FRA LOGGER.INFO: metodo=GET, URI=http%3A%2F%2Flocalhost%2FSegundoParcial%2Fpublic, RUTA=usuariosORM%2FingresoUltimo, autoridad=localhost [] {"uid":"669ff18"}
[2019-11-20 00:56:08] UTN FRA LOGGER.INFO: metodo=GET, URI=http%3A%2F%2Flocalhost%2FSegundoParcial%2Fpublic, RUTA=usuariosORM%2FingresoUltimo, autoridad=localhost [] {"uid":"923522e"}
[2019-11-20 00:56:23] UTN FRA LOGGER.INFO: metodo=GET, URI=http%3A%2F%2Flocalhost%2FSegundoParcial%2Fpublic, RUTA=usuariosORM%2FingresoUltimo, autoridad=localhost [] {"uid":"7a93336"}
[2019-11-20 00:56:44] UTN FRA LOGGER.INFO: metodo=GET, URI=http%3A%2F%2Flocalhost%2FSegundoParcial%2Fpublic, RUTA=usuariosORM%2FingresoUltimo, autoridad=localhost [] {"uid":"9853b55"}
[2019-11-20 00:56:58] UTN FRA LOGGER.INFO: metodo=GET, URI=http%3A%2F%2Flocalhost%2FSegundoParcial%2Fpublic, RUTA=usuariosORM%2FingresoUltimo, autoridad=localhost [] {"uid":"e8b67b9"}
[2019-11-20 01:00:00] UTN FRA LOGGER.INFO: metodo=GET, URI=http%3A%2F%2Flocalhost%2FSegundoParcial%2Fpublic, RUTA=usuariosORM%2FingresoUltimo, autoridad=localhost [] {"uid":"c6c387d"}
[2019-11-20 01:00:24] UTN FRA LOGGER.INFO: metodo=GET, URI=http%3A%2F%2Flocalhost%2FSegundoParcial%2Fpublic, RUTA=usuariosORM%2Fingreso, autoridad=localhost [] {"uid":"b49da81"}
[2019-11-20 01:00:34] UTN FRA LOGGER.INFO: metodo=GET, URI=http%3A%2F%2Flocalhost%2FSegundoParcial%2Fpublic, RUTA=usuariosORM%2Fingreso, autoridad=localhost [] {"uid":"6025266"}
[2019-11-20 01:00:42] UTN FRA LOGGER.INFO: metodo=GET, URI=http%3A%2F%2Flocalhost%2FSegundoParcial%2Fpublic, RUTA=usuariosORM%2FingresoUltimo, autoridad=localhost [] {"uid":"ba0bcd1"}
