[2019-06-13 14:22:41] UTN FRA LOGGER.INFO: ::1 [] {"uid":"ecfba35"}
[2019-06-13 14:23:14] UTN FRA LOGGER.INFO: ip :::1 [] {"uid":"f1af206"}
[2019-06-13 14:31:21] UTN FRA LOGGER.INFO: info  =Mozilla/5.0 (X11; Linux x86_64) AppleWebKit/537.36 (KHTML, like Gecko) Chrome/73.0.3683.86 Safari/537.36 [] {"uid":"2676799"}
[2019-06-13 14:31:21] UTN FRA LOGGER.INFO: ip =::1 [] {"uid":"2676799"}
[2019-06-13 14:33:01] UTN FRA LOGGER.INFO: info  =PostmanRuntime/7.1.1 [] {"uid":"1c0e970"}
[2019-06-13 14:33:01] UTN FRA LOGGER.INFO: ip =::1 [] {"uid":"1c0e970"}
[2019-06-13 14:33:04] UTN FRA LOGGER.INFO: info  =PostmanRuntime/7.1.1 [] {"uid":"e0a490b"}
[2019-06-13 14:33:04] UTN FRA LOGGER.INFO: ip =::1 [] {"uid":"e0a490b"}
[2019-06-13 14:33:08] UTN FRA LOGGER.INFO: info  =PostmanRuntime/7.1.1 [] {"uid":"5792b8b"}
[2019-06-13 14:33:08] UTN FRA LOGGER.INFO: ip =::1 [] {"uid":"5792b8b"}
[2019-06-13 14:33:14] UTN FRA LOGGER.INFO: info  =PostmanRuntime/7.1.1 [] {"uid":"c3f3041"}
[2019-06-13 14:33:14] UTN FRA LOGGER.INFO: ip =::1 [] {"uid":"c3f3041"}
[2019-06-13 14:41:27] UTN FRA LOGGER.INFO: info  =Mozilla/5.0 (X11; Linux x86_64; rv:60.0) Gecko/20100101 Firefox/60.0 [] {"uid":"d971c69"}
[2019-06-13 14:41:27] UTN FRA LOGGER.INFO: ip =127.0.0.1 [] {"uid":"d971c69"}
[2019-06-13 14:46:20] UTN FRA LOGGER.INFO: info  =Mozilla/5.0 (X11; Linux x86_64; rv:60.0) Gecko/20100101 Firefox/60.0 [] {"uid":"01737b9"}
[2019-06-13 14:46:20] UTN FRA LOGGER.INFO: ip =127.0.0.1 [] {"uid":"01737b9"}
[2019-06-13 14:48:37] UTN FRA LOGGER.INFO: info  =Mozilla/5.0 (X11; Linux x86_64) AppleWebKit/537.36 (KHTML, like Gecko) Chrome/50.0.2661.76 YaBrowser/16.6.0.6383 (beta) Safari/537.36 [] {"uid":"5d9f7e5"}
[2019-06-13 14:48:37] UTN FRA LOGGER.INFO: ip =::1 [] {"uid":"5d9f7e5"}
[2019-06-13 14:48:52] UTN FRA LOGGER.INFO: info  =Mozilla/5.0 (X11; Linux x86_64) AppleWebKit/537.36 (KHTML, like Gecko) Chrome/50.0.2661.76 YaBrowser/16.6.0.6383 (beta) Safari/537.36 [] {"uid":"f6cdba9"}
[2019-06-13 14:48:52] UTN FRA LOGGER.INFO: ip =::1 [] {"uid":"f6cdba9"}
[2019-06-13 14:48:59] UTN FRA LOGGER.INFO: info  =Mozilla/5.0 (X11; Linux x86_64) AppleWebKit/537.36 (KHTML, like Gecko) Chrome/50.0.2661.76 YaBrowser/16.6.0.6383 (beta) Safari/537.36 [] {"uid":"7fb9fe5"}
[2019-06-13 14:48:59] UTN FRA LOGGER.INFO: ip =::1 [] {"uid":"7fb9fe5"}
[2019-06-13 14:50:12] UTN FRA LOGGER.INFO: info  =Mozilla/5.0 (X11; Linux x86_64) AppleWebKit/537.36 (KHTML, like Gecko) Chrome/71.0.3578.98 Safari/537.36 OPR/58.0.3135.107 [] {"uid":"05adba9"}
[2019-06-13 14:50:13] UTN FRA LOGGER.INFO: ip =::1 [] {"uid":"05adba9"}
[2019-06-13 14:51:49] UTN FRA LOGGER.INFO: info  =Mozilla/5.0 (X11; Linux x86_64) AppleWebKit/537.36 (KHTML, like Gecko) Chrome/73.0.3683.86 Safari/537.36 [] {"uid":"4869fa1"}
[2019-06-13 14:51:49] UTN FRA LOGGER.INFO: ip =::1 [] {"uid":"4869fa1"}
[2019-06-13 14:52:04] UTN FRA LOGGER.INFO: info  =PostmanRuntime/7.1.1 [] {"uid":"955f892"}
[2019-06-13 14:52:04] UTN FRA LOGGER.INFO: ip =::1 [] {"uid":"955f892"}
[2019-06-13 14:52:24] UTN FRA LOGGER.INFO: Datos  =PostmanRuntime/7.1.1 [] {"uid":"3d3557f"}
[2019-06-13 14:52:24] UTN FRA LOGGER.INFO: ip =::1 [] {"uid":"3d3557f"}
[2019-06-13 14:52:34] UTN FRA LOGGER.INFO: Datos  =Mozilla/5.0 (X11; Linux x86_64) AppleWebKit/537.36 (KHTML, like Gecko) Chrome/71.0.3578.98 Safari/537.36 OPR/58.0.3135.107 [] {"uid":"521a87e"}
[2019-06-13 14:52:34] UTN FRA LOGGER.INFO: ip =::1 [] {"uid":"521a87e"}
[2019-06-13 14:54:41] UTN FRA LOGGER.INFO: Datos  =Mozilla/5.0 (X11; Linux x86_64) AppleWebKit/537.36 (KHTML, like Gecko) Chrome/73.0.3683.86 Safari/537.36 [] {"uid":"15b9fd3"}
[2019-06-13 14:54:41] UTN FRA LOGGER.INFO: ip =::1 [] {"uid":"15b9fd3"}
[2019-06-13 15:40:36] UTN FRA LOGGER.INFO: Datos  =Mozilla/5.0 (X11; Linux x86_64) AppleWebKit/537.36 (KHTML, like Gecko) Chrome/73.0.3683.86 Safari/537.36 [] {"uid":"bbb9226"}
[2019-06-13 15:40:36] UTN FRA LOGGER.INFO: ip =::1 [] {"uid":"bbb9226"}
[2019-06-13 15:40:42] UTN FRA LOGGER.INFO: Datos  =Mozilla/5.0 (X11; Linux x86_64) AppleWebKit/537.36 (KHTML, like Gecko) Chrome/73.0.3683.86 Safari/537.36 [] {"uid":"d5105f7"}
[2019-06-13 15:40:42] UTN FRA LOGGER.INFO: ip =::1 [] {"uid":"d5105f7"}
[2019-06-13 15:41:29] UTN FRA LOGGER.INFO: Datos  =Mozilla/5.0 (X11; Linux x86_64) AppleWebKit/537.36 (KHTML, like Gecko) Chrome/73.0.3683.86 Safari/537.36 [] {"uid":"e12c6d8"}
[2019-06-13 15:41:29] UTN FRA LOGGER.INFO: ip =::1 [] {"uid":"e12c6d8"}
[2019-06-13 15:42:30] UTN FRA LOGGER.INFO: Datos  =Mozilla/5.0 (X11; Linux x86_64) AppleWebKit/537.36 (KHTML, like Gecko) Chrome/73.0.3683.86 Safari/537.36 [] {"uid":"36ef6fa"}
[2019-06-13 15:42:30] UTN FRA LOGGER.INFO: ip =::1 [] {"uid":"36ef6fa"}
[2019-06-13 15:45:52] UTN FRA LOGGER.INFO: Datos  =Mozilla/5.0 (X11; Linux x86_64) AppleWebKit/537.36 (KHTML, like Gecko) Chrome/73.0.3683.86 Safari/537.36 [] {"uid":"452e00c"}
[2019-06-13 15:45:52] UTN FRA LOGGER.INFO: ip =::1 [] {"uid":"452e00c"}
[2019-06-13 15:46:48] UTN FRA LOGGER.INFO: Datos  =Mozilla/5.0 (X11; Linux x86_64) AppleWebKit/537.36 (KHTML, like Gecko) Chrome/73.0.3683.86 Safari/537.36 [] {"uid":"accaf17"}
[2019-06-13 15:46:48] UTN FRA LOGGER.INFO: ip =::1 [] {"uid":"accaf17"}
[2019-06-13 15:46:49] UTN FRA LOGGER.INFO: Datos  =Mozilla/5.0 (X11; Linux x86_64) AppleWebKit/537.36 (KHTML, like Gecko) Chrome/73.0.3683.86 Safari/537.36 [] {"uid":"2977b9f"}
[2019-06-13 15:46:49] UTN FRA LOGGER.INFO: ip =::1 [] {"uid":"2977b9f"}
[2019-06-13 15:46:50] UTN FRA LOGGER.INFO: Datos  =Mozilla/5.0 (X11; Linux x86_64) AppleWebKit/537.36 (KHTML, like Gecko) Chrome/73.0.3683.86 Safari/537.36 [] {"uid":"5b1fbcd"}
[2019-06-13 15:46:50] UTN FRA LOGGER.INFO: ip =::1 [] {"uid":"5b1fbcd"}
[2019-06-13 15:47:05] UTN FRA LOGGER.INFO: Datos  =Mozilla/5.0 (X11; Linux x86_64) AppleWebKit/537.36 (KHTML, like Gecko) Chrome/73.0.3683.86 Safari/537.36 [] {"uid":"618e906"}
[2019-06-13 15:47:05] UTN FRA LOGGER.INFO: ip =::1 [] {"uid":"618e906"}
[2019-06-13 15:47:10] UTN FRA LOGGER.INFO: Datos  =Mozilla/5.0 (X11; Linux x86_64) AppleWebKit/537.36 (KHTML, like Gecko) Chrome/73.0.3683.86 Safari/537.36 [] {"uid":"e6f850c"}
[2019-06-13 15:47:10] UTN FRA LOGGER.INFO: ip =::1 [] {"uid":"e6f850c"}
[2019-06-13 15:47:16] UTN FRA LOGGER.INFO: Datos  =Mozilla/5.0 (X11; Linux x86_64) AppleWebKit/537.36 (KHTML, like Gecko) Chrome/73.0.3683.86 Safari/537.36 [] {"uid":"6080469"}
[2019-06-13 15:47:16] UTN FRA LOGGER.INFO: ip =::1 [] {"uid":"6080469"}
[2019-06-13 15:47:52] UTN FRA LOGGER.INFO: Datos  =Mozilla/5.0 (X11; Linux x86_64) AppleWebKit/537.36 (KHTML, like Gecko) Chrome/73.0.3683.86 Safari/537.36 [] {"uid":"be829a8"}
[2019-06-13 15:47:52] UTN FRA LOGGER.INFO: ip =::1 [] {"uid":"be829a8"}
[2019-06-13 15:47:55] UTN FRA LOGGER.INFO: Datos  =Mozilla/5.0 (X11; Linux x86_64) AppleWebKit/537.36 (KHTML, like Gecko) Chrome/73.0.3683.86 Safari/537.36 [] {"uid":"8f497ca"}
[2019-06-13 15:47:55] UTN FRA LOGGER.INFO: ip =::1 [] {"uid":"8f497ca"}
[2019-06-13 15:48:12] UTN FRA LOGGER.INFO: Datos  =Mozilla/5.0 (X11; Linux x86_64) AppleWebKit/537.36 (KHTML, like Gecko) Chrome/73.0.3683.86 Safari/537.36 [] {"uid":"9e48c5a"}
[2019-06-13 15:48:12] UTN FRA LOGGER.INFO: ip =::1 [] {"uid":"9e48c5a"}
[2019-06-13 15:48:15] UTN FRA LOGGER.INFO: Datos  =Mozilla/5.0 (X11; Linux x86_64) AppleWebKit/537.36 (KHTML, like Gecko) Chrome/73.0.3683.86 Safari/537.36 [] {"uid":"b916695"}
[2019-06-13 15:48:15] UTN FRA LOGGER.INFO: ip =::1 [] {"uid":"b916695"}
[2019-06-13 15:50:55] UTN FRA LOGGER.INFO: Datos  =Mozilla/5.0 (X11; Linux x86_64) AppleWebKit/537.36 (KHTML, like Gecko) Chrome/73.0.3683.86 Safari/537.36 [] {"uid":"1dd5fc6"}
[2019-06-13 15:50:55] UTN FRA LOGGER.INFO: ip =::1 [] {"uid":"1dd5fc6"}
[2019-06-13 15:51:28] UTN FRA LOGGER.INFO: Datos  =Mozilla/5.0 (X11; Linux x86_64) AppleWebKit/537.36 (KHTML, like Gecko) Chrome/73.0.3683.86 Safari/537.36 [] {"uid":"458c08c"}
[2019-06-13 15:51:28] UTN FRA LOGGER.INFO: ip =::1 [] {"uid":"458c08c"}
[2019-06-13 15:51:33] UTN FRA LOGGER.INFO: Datos  =Mozilla/5.0 (X11; Linux x86_64) AppleWebKit/537.36 (KHTML, like Gecko) Chrome/73.0.3683.86 Safari/537.36 [] {"uid":"c57b200"}
[2019-06-13 15:51:33] UTN FRA LOGGER.INFO: ip =::1 [] {"uid":"c57b200"}
[2019-06-13 15:53:23] UTN FRA LOGGER.INFO: Datos  =Mozilla/5.0 (X11; Linux x86_64) AppleWebKit/537.36 (KHTML, like Gecko) Chrome/73.0.3683.86 Safari/537.36 [] {"uid":"903207f"}
[2019-06-13 15:53:23] UTN FRA LOGGER.INFO: ip =::1 [] {"uid":"903207f"}
[2019-06-13 15:53:26] UTN FRA LOGGER.INFO: Datos  =Mozilla/5.0 (X11; Linux x86_64) AppleWebKit/537.36 (KHTML, like Gecko) Chrome/73.0.3683.86 Safari/537.36 [] {"uid":"3a71660"}
[2019-06-13 15:53:26] UTN FRA LOGGER.INFO: ip =::1 [] {"uid":"3a71660"}
[2019-06-13 15:54:00] UTN FRA LOGGER.INFO: Datos  =Mozilla/5.0 (X11; Linux x86_64) AppleWebKit/537.36 (KHTML, like Gecko) Chrome/73.0.3683.86 Safari/537.36 [] {"uid":"b363313"}
[2019-06-13 15:54:00] UTN FRA LOGGER.INFO: ip =::1 [] {"uid":"b363313"}
[2019-06-13 15:54:01] UTN FRA LOGGER.INFO: Datos  =Mozilla/5.0 (X11; Linux x86_64) AppleWebKit/537.36 (KHTML, like Gecko) Chrome/73.0.3683.86 Safari/537.36 [] {"uid":"a1ab03e"}
[2019-06-13 15:54:01] UTN FRA LOGGER.INFO: ip =::1 [] {"uid":"a1ab03e"}
[2019-06-13 15:54:01] UTN FRA LOGGER.INFO: Datos  =Mozilla/5.0 (X11; Linux x86_64) AppleWebKit/537.36 (KHTML, like Gecko) Chrome/73.0.3683.86 Safari/537.36 [] {"uid":"74bb1fc"}
[2019-06-13 15:54:01] UTN FRA LOGGER.INFO: ip =::1 [] {"uid":"74bb1fc"}
[2019-06-13 15:54:01] UTN FRA LOGGER.INFO: Datos  =Mozilla/5.0 (X11; Linux x86_64) AppleWebKit/537.36 (KHTML, like Gecko) Chrome/73.0.3683.86 Safari/537.36 [] {"uid":"e07b9d7"}
[2019-06-13 15:54:01] UTN FRA LOGGER.INFO: ip =::1 [] {"uid":"e07b9d7"}
[2019-06-13 15:54:01] UTN FRA LOGGER.INFO: Datos  =Mozilla/5.0 (X11; Linux x86_64) AppleWebKit/537.36 (KHTML, like Gecko) Chrome/73.0.3683.86 Safari/537.36 [] {"uid":"b3e7a0b"}
[2019-06-13 15:54:01] UTN FRA LOGGER.INFO: ip =::1 [] {"uid":"b3e7a0b"}
[2019-06-13 15:54:02] UTN FRA LOGGER.INFO: Datos  =Mozilla/5.0 (X11; Linux x86_64) AppleWebKit/537.36 (KHTML, like Gecko) Chrome/73.0.3683.86 Safari/537.36 [] {"uid":"e6fa77e"}
[2019-06-13 15:54:02] UTN FRA LOGGER.INFO: ip =::1 [] {"uid":"e6fa77e"}
[2019-06-13 15:54:02] UTN FRA LOGGER.INFO: Datos  =Mozilla/5.0 (X11; Linux x86_64) AppleWebKit/537.36 (KHTML, like Gecko) Chrome/73.0.3683.86 Safari/537.36 [] {"uid":"262fbd8"}
[2019-06-13 15:54:02] UTN FRA LOGGER.INFO: ip =::1 [] {"uid":"262fbd8"}
[2019-06-13 15:54:29] UTN FRA LOGGER.INFO: Datos  =Mozilla/5.0 (X11; Linux x86_64) AppleWebKit/537.36 (KHTML, like Gecko) Chrome/73.0.3683.86 Safari/537.36 [] {"uid":"69026c5"}
[2019-06-13 15:54:29] UTN FRA LOGGER.INFO: ip =::1 [] {"uid":"69026c5"}
[2019-06-13 15:54:53] UTN FRA LOGGER.INFO: Datos  =Mozilla/5.0 (X11; Linux x86_64) AppleWebKit/537.36 (KHTML, like Gecko) Chrome/73.0.3683.86 Safari/537.36 [] {"uid":"7f80bac"}
[2019-06-13 15:54:53] UTN FRA LOGGER.INFO: ip =::1 [] {"uid":"7f80bac"}
[2019-06-13 16:14:20] UTN FRA LOGGER.INFO: Datos  =PostmanRuntime/7.1.1 [] {"uid":"f37f107"}
[2019-06-13 16:14:20] UTN FRA LOGGER.INFO: ip =::1 [] {"uid":"f37f107"}
[2019-06-13 16:14:25] UTN FRA LOGGER.INFO: Datos  =PostmanRuntime/7.1.1 [] {"uid":"f86c548"}
[2019-06-13 16:14:25] UTN FRA LOGGER.INFO: ip =::1 [] {"uid":"f86c548"}
[2019-06-13 16:16:52] UTN FRA LOGGER.INFO: Datos  =PostmanRuntime/7.1.1 [] {"uid":"cfce916"}
[2019-06-13 16:16:52] UTN FRA LOGGER.INFO: ip =::1 [] {"uid":"cfce916"}
[2019-06-13 16:16:56] UTN FRA LOGGER.INFO: Datos  =PostmanRuntime/7.1.1 [] {"uid":"24b074c"}
[2019-06-13 16:16:56] UTN FRA LOGGER.INFO: ip =::1 [] {"uid":"24b074c"}
[2019-06-13 16:17:07] UTN FRA LOGGER.INFO: Datos  =PostmanRuntime/7.1.1 [] {"uid":"fecc8fc"}
[2019-06-13 16:17:07] UTN FRA LOGGER.INFO: ip =::1 [] {"uid":"fecc8fc"}
[2019-06-13 16:19:09] UTN FRA LOGGER.INFO: Datos  =Mozilla/5.0 (X11; Linux x86_64) AppleWebKit/537.36 (KHTML, like Gecko) Chrome/73.0.3683.86 Safari/537.36 [] {"uid":"e2193d4"}
[2019-06-13 16:19:09] UTN FRA LOGGER.INFO: ip =::1 [] {"uid":"e2193d4"}
[2019-06-13 16:19:58] UTN FRA LOGGER.INFO: Datos  =Mozilla/5.0 (X11; Linux x86_64) AppleWebKit/537.36 (KHTML, like Gecko) Chrome/73.0.3683.86 Safari/537.36 [] {"uid":"d83d781"}
[2019-06-13 16:19:58] UTN FRA LOGGER.INFO: ip =::1 [] {"uid":"d83d781"}
[2019-06-13 16:20:00] UTN FRA LOGGER.INFO: Datos  =Mozilla/5.0 (X11; Linux x86_64) AppleWebKit/537.36 (KHTML, like Gecko) Chrome/73.0.3683.86 Safari/537.36 [] {"uid":"89e32cc"}
[2019-06-13 16:20:00] UTN FRA LOGGER.INFO: ip =::1 [] {"uid":"89e32cc"}
[2019-06-13 16:20:32] UTN FRA LOGGER.INFO: Datos  =Mozilla/5.0 (X11; Linux x86_64) AppleWebKit/537.36 (KHTML, like Gecko) Chrome/73.0.3683.86 Safari/537.36 [] {"uid":"434586f"}
[2019-06-13 16:20:32] UTN FRA LOGGER.INFO: ip =::1 [] {"uid":"434586f"}
[2019-06-13 16:20:40] UTN FRA LOGGER.INFO: Datos  =PostmanRuntime/7.1.1 [] {"uid":"87cac8e"}
[2019-06-13 16:20:40] UTN FRA LOGGER.INFO: ip =::1 [] {"uid":"87cac8e"}
[2019-11-17 00:25:36] UTN FRA LOGGER.INFO: Datos  =PostmanRuntime/7.18.0 [] {"uid":"f3ba426"}
[2019-11-17 00:25:36] UTN FRA LOGGER.INFO: ip =::1 [] {"uid":"f3ba426"}
[2019-11-17 00:26:05] UTN FRA LOGGER.INFO: Datos  =PostmanRuntime/7.18.0 [] {"uid":"82f861e"}
[2019-11-17 00:26:05] UTN FRA LOGGER.INFO: ip =::1 [] {"uid":"82f861e"}
[2019-11-17 00:30:19] UTN FRA LOGGER.INFO: Datos  =PostmanRuntime/7.18.0 [] {"uid":"4a955eb"}
[2019-11-17 00:30:19] UTN FRA LOGGER.INFO: ip =::1 [] {"uid":"4a955eb"}
[2019-11-17 00:37:03] UTN FRA LOGGER.INFO: Datos  =PostmanRuntime/7.18.0 [] {"uid":"6c528f7"}
[2019-11-17 00:37:03] UTN FRA LOGGER.INFO: ip =::1 [] {"uid":"6c528f7"}
[2019-11-17 00:40:04] UTN FRA LOGGER.INFO: Datos  =PostmanRuntime/7.18.0 [] {"uid":"1e6279b"}
[2019-11-17 00:40:04] UTN FRA LOGGER.INFO: ip =::1 [] {"uid":"1e6279b"}
[2019-11-17 00:40:53] UTN FRA LOGGER.INFO: Datos  =PostmanRuntime/7.18.0 [] {"uid":"892caf4"}
[2019-11-17 00:40:53] UTN FRA LOGGER.INFO: ip =::1 [] {"uid":"892caf4"}
[2019-11-17 00:44:04] UTN FRA LOGGER.INFO: Datos  =PostmanRuntime/7.18.0 [] {"uid":"5c2f7b0"}
[2019-11-17 00:44:05] UTN FRA LOGGER.INFO: ip =::1 [] {"uid":"5c2f7b0"}
[2019-11-17 00:48:15] UTN FRA LOGGER.INFO: Datos  =PostmanRuntime/7.18.0 [] {"uid":"d4ebcd4"}
[2019-11-17 00:48:15] UTN FRA LOGGER.INFO: ip =::1 [] {"uid":"d4ebcd4"}
[2019-11-17 00:49:45] UTN FRA LOGGER.INFO: Datos  =PostmanRuntime/7.18.0 [] {"uid":"5ed1397"}
[2019-11-17 00:49:45] UTN FRA LOGGER.INFO: ip =::1 [] {"uid":"5ed1397"}
[2019-11-17 00:50:30] UTN FRA LOGGER.INFO: Datos  =PostmanRuntime/7.18.0 [] {"uid":"a5bed6e"}
[2019-11-17 00:50:30] UTN FRA LOGGER.INFO: ip =::1 [] {"uid":"a5bed6e"}
[2019-11-17 01:03:37] UTN FRA LOGGER.INFO: Datos  =PostmanRuntime/7.18.0 [] {"uid":"4b3ada6"}
[2019-11-17 01:03:37] UTN FRA LOGGER.INFO: ip =::1 [] {"uid":"4b3ada6"}
[2019-11-17 01:05:42] UTN FRA LOGGER.INFO: Datos  =PostmanRuntime/7.18.0 [] {"uid":"d9c3de6"}
[2019-11-17 01:05:42] UTN FRA LOGGER.INFO: ip =::1 [] {"uid":"d9c3de6"}
[2019-11-17 01:05:44] UTN FRA LOGGER.INFO: Datos  =PostmanRuntime/7.18.0 [] {"uid":"11904c5"}
[2019-11-17 01:05:44] UTN FRA LOGGER.INFO: ip =::1 [] {"uid":"11904c5"}
[2019-11-17 01:06:07] UTN FRA LOGGER.INFO: Datos  =PostmanRuntime/7.18.0 [] {"uid":"08c3897"}
[2019-11-17 01:06:07] UTN FRA LOGGER.INFO: ip =::1 [] {"uid":"08c3897"}
[2019-11-17 01:06:14] UTN FRA LOGGER.INFO: Datos  =PostmanRuntime/7.18.0 [] {"uid":"c3ccd43"}
[2019-11-17 01:06:14] UTN FRA LOGGER.INFO: ip =::1 [] {"uid":"c3ccd43"}
[2019-11-17 01:07:16] UTN FRA LOGGER.INFO: Datos  =PostmanRuntime/7.18.0 [] {"uid":"774687a"}
[2019-11-17 01:07:16] UTN FRA LOGGER.INFO: ip =::1 [] {"uid":"774687a"}
[2019-11-17 01:07:26] UTN FRA LOGGER.INFO: Datos  =PostmanRuntime/7.18.0 [] {"uid":"762ed75"}
[2019-11-17 01:07:26] UTN FRA LOGGER.INFO: ip =::1 [] {"uid":"762ed75"}
[2019-11-17 01:10:22] UTN FRA LOGGER.INFO: Datos  =PostmanRuntime/7.18.0 [] {"uid":"566313f"}
[2019-11-17 01:10:22] UTN FRA LOGGER.INFO: ip =::1 [] {"uid":"566313f"}
[2019-11-17 01:10:56] UTN FRA LOGGER.INFO: Datos  =PostmanRuntime/7.18.0 [] {"uid":"3709898"}
[2019-11-17 01:10:56] UTN FRA LOGGER.INFO: ip =::1 [] {"uid":"3709898"}
[2019-11-17 01:11:01] UTN FRA LOGGER.INFO: Datos  =PostmanRuntime/7.18.0 [] {"uid":"10a3072"}
[2019-11-17 01:11:01] UTN FRA LOGGER.INFO: ip =::1 [] {"uid":"10a3072"}
[2019-11-17 01:46:32] UTN FRA LOGGER.INFO: Datos  =PostmanRuntime/7.18.0 [] {"uid":"74c533c"}
[2019-11-17 01:46:32] UTN FRA LOGGER.INFO: ip =::1 [] {"uid":"74c533c"}
[2019-11-17 01:46:49] UTN FRA LOGGER.INFO: Datos  =PostmanRuntime/7.18.0 [] {"uid":"51b85c5"}
[2019-11-17 01:46:49] UTN FRA LOGGER.INFO: ip =::1 [] {"uid":"51b85c5"}
[2019-11-17 01:47:27] UTN FRA LOGGER.INFO: Datos  =PostmanRuntime/7.18.0 [] {"uid":"c84ff30"}
[2019-11-17 01:47:27] UTN FRA LOGGER.INFO: ip =::1 [] {"uid":"c84ff30"}
[2019-11-17 01:48:27] UTN FRA LOGGER.INFO: Datos  =PostmanRuntime/7.18.0 [] {"uid":"1e71339"}
[2019-11-17 01:48:27] UTN FRA LOGGER.INFO: ip =::1 [] {"uid":"1e71339"}
[2019-11-17 01:50:43] UTN FRA LOGGER.INFO: Datos  =PostmanRuntime/7.18.0 [] {"uid":"f082164"}
[2019-11-17 01:50:43] UTN FRA LOGGER.INFO: ip =::1 [] {"uid":"f082164"}
[2019-11-17 01:51:51] UTN FRA LOGGER.INFO: Datos  =PostmanRuntime/7.18.0 [] {"uid":"43016fb"}
[2019-11-17 01:51:51] UTN FRA LOGGER.INFO: ip =::1 [] {"uid":"43016fb"}
[2019-11-17 01:52:11] UTN FRA LOGGER.INFO: Datos  =PostmanRuntime/7.18.0 [] {"uid":"2e16654"}
[2019-11-17 01:52:11] UTN FRA LOGGER.INFO: ip =::1 [] {"uid":"2e16654"}
[2019-11-17 01:52:21] UTN FRA LOGGER.INFO: Datos  =PostmanRuntime/7.18.0 [] {"uid":"34e1303"}
[2019-11-17 01:52:21] UTN FRA LOGGER.INFO: ip =::1 [] {"uid":"34e1303"}
[2019-11-17 19:16:20] UTN FRA LOGGER.INFO: Datos  =PostmanRuntime/7.19.0 [] {"uid":"2fc519f"}
[2019-11-17 19:16:20] UTN FRA LOGGER.INFO: ip =::1 [] {"uid":"2fc519f"}
[2019-11-17 20:19:17] UTN FRA LOGGER.INFO: Datos  =PostmanRuntime/7.19.0 [] {"uid":"56ea36d"}
[2019-11-17 20:19:17] UTN FRA LOGGER.INFO: ip =::1 [] {"uid":"56ea36d"}
[2019-11-17 20:19:41] UTN FRA LOGGER.INFO: Datos  =PostmanRuntime/7.19.0 [] {"uid":"5a99cf8"}
[2019-11-17 20:19:41] UTN FRA LOGGER.INFO: ip =::1 [] {"uid":"5a99cf8"}
[2019-11-17 20:20:10] UTN FRA LOGGER.INFO: Datos  =PostmanRuntime/7.19.0 [] {"uid":"682a4e2"}
[2019-11-17 20:20:10] UTN FRA LOGGER.INFO: ip =::1 [] {"uid":"682a4e2"}
[2019-11-17 20:21:34] UTN FRA LOGGER.INFO: Datos  =PostmanRuntime/7.19.0 [] {"uid":"87ac0f6"}
[2019-11-17 20:21:34] UTN FRA LOGGER.INFO: ip =::1 [] {"uid":"87ac0f6"}
[2019-11-17 20:22:05] UTN FRA LOGGER.INFO: Datos  =PostmanRuntime/7.19.0 [] {"uid":"70c0afb"}
[2019-11-17 20:22:05] UTN FRA LOGGER.INFO: ip =::1 [] {"uid":"70c0afb"}
[2019-11-17 20:22:43] UTN FRA LOGGER.INFO: Datos  =PostmanRuntime/7.19.0 [] {"uid":"17e0132"}
[2019-11-17 20:22:43] UTN FRA LOGGER.INFO: ip =::1 [] {"uid":"17e0132"}
[2019-11-17 20:23:41] UTN FRA LOGGER.INFO: Datos  =PostmanRuntime/7.19.0 [] {"uid":"c280c83"}
[2019-11-17 20:23:41] UTN FRA LOGGER.INFO: ip =::1 [] {"uid":"c280c83"}
[2019-11-17 20:24:05] UTN FRA LOGGER.INFO: Datos  =PostmanRuntime/7.19.0 [] {"uid":"8522fa6"}
[2019-11-17 20:24:05] UTN FRA LOGGER.INFO: ip =::1 [] {"uid":"8522fa6"}
[2019-11-17 20:24:42] UTN FRA LOGGER.INFO: Datos  =PostmanRuntime/7.19.0 [] {"uid":"7f64a03"}
[2019-11-17 20:24:42] UTN FRA LOGGER.INFO: ip =::1 [] {"uid":"7f64a03"}
[2019-11-17 21:30:42] UTN FRA LOGGER.INFO: Datos  =PostmanRuntime/7.19.0 [] {"uid":"e0084bc"}
[2019-11-17 21:30:42] UTN FRA LOGGER.INFO: ip =::1 [] {"uid":"e0084bc"}
[2019-11-17 21:32:28] UTN FRA LOGGER.INFO: Datos  =PostmanRuntime/7.19.0 [] {"uid":"4bbbe7e"}
[2019-11-17 21:32:28] UTN FRA LOGGER.INFO: ip =::1 [] {"uid":"4bbbe7e"}
[2019-11-17 21:32:43] UTN FRA LOGGER.INFO: Datos  =PostmanRuntime/7.19.0 [] {"uid":"7706947"}
[2019-11-17 21:32:43] UTN FRA LOGGER.INFO: ip =::1 [] {"uid":"7706947"}
[2019-11-17 21:33:29] UTN FRA LOGGER.INFO: Datos  =PostmanRuntime/7.19.0 [] {"uid":"a694573"}
[2019-11-17 21:33:29] UTN FRA LOGGER.INFO: ip =::1 [] {"uid":"a694573"}
[2019-11-17 21:33:44] UTN FRA LOGGER.INFO: Datos  =PostmanRuntime/7.19.0 [] {"uid":"65574d1"}
[2019-11-17 21:33:44] UTN FRA LOGGER.INFO: ip =::1 [] {"uid":"65574d1"}
[2019-11-17 21:35:01] UTN FRA LOGGER.INFO: Datos  =PostmanRuntime/7.19.0 [] {"uid":"a9d8e7c"}
[2019-11-17 21:35:01] UTN FRA LOGGER.INFO: ip =::1 [] {"uid":"a9d8e7c"}
[2019-11-17 21:36:39] UTN FRA LOGGER.INFO: Datos  =PostmanRuntime/7.19.0 [] {"uid":"c411d72"}
[2019-11-17 21:36:39] UTN FRA LOGGER.INFO: ip =::1 [] {"uid":"c411d72"}
[2019-11-17 21:36:45] UTN FRA LOGGER.INFO: Datos  =PostmanRuntime/7.19.0 [] {"uid":"39eeffa"}
[2019-11-17 21:36:45] UTN FRA LOGGER.INFO: ip =::1 [] {"uid":"39eeffa"}
[2019-11-17 21:36:56] UTN FRA LOGGER.INFO: Datos  =PostmanRuntime/7.19.0 [] {"uid":"25441a7"}
[2019-11-17 21:36:56] UTN FRA LOGGER.INFO: ip =::1 [] {"uid":"25441a7"}
[2019-11-17 21:37:35] UTN FRA LOGGER.INFO: Datos  =PostmanRuntime/7.19.0 [] {"uid":"e6c41ea"}
[2019-11-17 21:37:35] UTN FRA LOGGER.INFO: ip =::1 [] {"uid":"e6c41ea"}
[2019-11-17 21:39:05] UTN FRA LOGGER.INFO: Datos  =PostmanRuntime/7.19.0 [] {"uid":"e79a4e5"}
[2019-11-17 21:39:05] UTN FRA LOGGER.INFO: ip =::1 [] {"uid":"e79a4e5"}
[2019-11-17 21:39:09] UTN FRA LOGGER.INFO: Datos  =PostmanRuntime/7.19.0 [] {"uid":"8b177bc"}
[2019-11-17 21:39:09] UTN FRA LOGGER.INFO: ip =::1 [] {"uid":"8b177bc"}
[2019-11-17 21:39:21] UTN FRA LOGGER.INFO: Datos  =PostmanRuntime/7.19.0 [] {"uid":"a95d49b"}
[2019-11-17 21:39:21] UTN FRA LOGGER.INFO: ip =::1 [] {"uid":"a95d49b"}
[2019-11-17 21:39:54] UTN FRA LOGGER.INFO: Datos  =PostmanRuntime/7.19.0 [] {"uid":"2df88d3"}
[2019-11-17 21:39:54] UTN FRA LOGGER.INFO: ip =::1 [] {"uid":"2df88d3"}
[2019-11-17 21:40:16] UTN FRA LOGGER.INFO: Datos  =PostmanRuntime/7.19.0 [] {"uid":"cd6d1ac"}
[2019-11-17 21:40:16] UTN FRA LOGGER.INFO: ip =::1 [] {"uid":"cd6d1ac"}
[2019-11-17 21:40:32] UTN FRA LOGGER.INFO: Datos  =PostmanRuntime/7.19.0 [] {"uid":"e6451f7"}
[2019-11-17 21:40:32] UTN FRA LOGGER.INFO: ip =::1 [] {"uid":"e6451f7"}
[2019-11-17 21:40:43] UTN FRA LOGGER.INFO: Datos  =PostmanRuntime/7.19.0 [] {"uid":"1f073fa"}
[2019-11-17 21:40:43] UTN FRA LOGGER.INFO: ip =::1 [] {"uid":"1f073fa"}
[2019-11-17 21:41:22] UTN FRA LOGGER.INFO: Datos  =PostmanRuntime/7.19.0 [] {"uid":"da5f920"}
[2019-11-17 21:41:22] UTN FRA LOGGER.INFO: ip =::1 [] {"uid":"da5f920"}
[2019-11-17 21:41:47] UTN FRA LOGGER.INFO: Datos  =PostmanRuntime/7.19.0 [] {"uid":"8b682ea"}
[2019-11-17 21:41:47] UTN FRA LOGGER.INFO: ip =::1 [] {"uid":"8b682ea"}
[2019-11-17 21:42:01] UTN FRA LOGGER.INFO: Datos  =PostmanRuntime/7.19.0 [] {"uid":"83cfeb0"}
[2019-11-17 21:42:01] UTN FRA LOGGER.INFO: ip =::1 [] {"uid":"83cfeb0"}
[2019-11-17 21:42:40] UTN FRA LOGGER.INFO: Datos  =PostmanRuntime/7.19.0 [] {"uid":"c989280"}
[2019-11-17 21:42:40] UTN FRA LOGGER.INFO: ip =::1 [] {"uid":"c989280"}
[2019-11-17 21:44:24] UTN FRA LOGGER.INFO: Datos  =PostmanRuntime/7.19.0 [] {"uid":"64c4853"}
[2019-11-17 21:44:24] UTN FRA LOGGER.INFO: ip =::1 [] {"uid":"64c4853"}
[2019-11-17 21:45:05] UTN FRA LOGGER.INFO: Datos  =PostmanRuntime/7.19.0 [] {"uid":"656717a"}
[2019-11-17 21:45:05] UTN FRA LOGGER.INFO: ip =::1 [] {"uid":"656717a"}
[2019-11-17 21:45:35] UTN FRA LOGGER.INFO: Datos  =PostmanRuntime/7.19.0 [] {"uid":"8820006"}
[2019-11-17 21:45:35] UTN FRA LOGGER.INFO: ip =::1 [] {"uid":"8820006"}
[2019-11-17 21:46:52] UTN FRA LOGGER.INFO: Datos  =PostmanRuntime/7.19.0 [] {"uid":"d26386b"}
[2019-11-17 21:46:52] UTN FRA LOGGER.INFO: ip =::1 [] {"uid":"d26386b"}
[2019-11-17 21:50:05] UTN FRA LOGGER.INFO: Datos  =PostmanRuntime/7.19.0 [] {"uid":"53dd97a"}
[2019-11-17 21:50:05] UTN FRA LOGGER.INFO: ip =::1 [] {"uid":"53dd97a"}
[2019-11-17 21:50:29] UTN FRA LOGGER.INFO: Datos  =PostmanRuntime/7.19.0 [] {"uid":"619e301"}
[2019-11-17 21:50:29] UTN FRA LOGGER.INFO: ip =::1 [] {"uid":"619e301"}
[2019-11-17 21:52:24] UTN FRA LOGGER.INFO: Datos  =PostmanRuntime/7.19.0 [] {"uid":"7d99b49"}
[2019-11-17 21:52:24] UTN FRA LOGGER.INFO: ip =::1 [] {"uid":"7d99b49"}
[2019-11-17 21:53:37] UTN FRA LOGGER.INFO: Datos  =PostmanRuntime/7.19.0 [] {"uid":"058bdfd"}
[2019-11-17 21:53:37] UTN FRA LOGGER.INFO: ip =::1 [] {"uid":"058bdfd"}
[2019-11-17 21:56:19] UTN FRA LOGGER.INFO: Datos  =PostmanRuntime/7.19.0 [] {"uid":"f0ac7bf"}
[2019-11-17 21:56:19] UTN FRA LOGGER.INFO: ip =::1 [] {"uid":"f0ac7bf"}
[2019-11-17 21:57:26] UTN FRA LOGGER.INFO: Datos  =PostmanRuntime/7.19.0 [] {"uid":"4bb5fef"}
[2019-11-17 21:57:26] UTN FRA LOGGER.INFO: ip =::1 [] {"uid":"4bb5fef"}
[2019-11-17 21:57:53] UTN FRA LOGGER.INFO: Datos  =PostmanRuntime/7.19.0 [] {"uid":"a4f2c6a"}
[2019-11-17 21:57:53] UTN FRA LOGGER.INFO: ip =::1 [] {"uid":"a4f2c6a"}
[2019-11-17 22:18:23] UTN FRA LOGGER.INFO: Datos  =PostmanRuntime/7.19.0 [] {"uid":"3e9282d"}
[2019-11-17 22:18:23] UTN FRA LOGGER.INFO: ip =::1 [] {"uid":"3e9282d"}
[2019-11-17 22:19:09] UTN FRA LOGGER.INFO: Datos  =PostmanRuntime/7.19.0 [] {"uid":"713402d"}
[2019-11-17 22:19:09] UTN FRA LOGGER.INFO: ip =::1 [] {"uid":"713402d"}
[2019-11-17 22:19:49] UTN FRA LOGGER.INFO: Datos  =PostmanRuntime/7.19.0 [] {"uid":"ade08bc"}
[2019-11-17 22:19:49] UTN FRA LOGGER.INFO: ip =::1 [] {"uid":"ade08bc"}
[2019-11-17 22:20:49] UTN FRA LOGGER.INFO: Datos  =PostmanRuntime/7.19.0 [] {"uid":"5c7d783"}
[2019-11-17 22:20:49] UTN FRA LOGGER.INFO: ip =::1 [] {"uid":"5c7d783"}
[2019-11-17 22:22:09] UTN FRA LOGGER.INFO: Datos  =PostmanRuntime/7.19.0 [] {"uid":"0e644e4"}
[2019-11-17 22:22:09] UTN FRA LOGGER.INFO: ip =::1 [] {"uid":"0e644e4"}
[2019-11-17 22:23:01] UTN FRA LOGGER.INFO: Datos  =PostmanRuntime/7.19.0 [] {"uid":"4639753"}
[2019-11-17 22:23:01] UTN FRA LOGGER.INFO: ip =::1 [] {"uid":"4639753"}
[2019-11-17 22:23:49] UTN FRA LOGGER.INFO: Datos  =PostmanRuntime/7.19.0 [] {"uid":"7eaeecc"}
[2019-11-17 22:23:49] UTN FRA LOGGER.INFO: ip =::1 [] {"uid":"7eaeecc"}
[2019-11-17 22:25:21] UTN FRA LOGGER.INFO: Datos  =PostmanRuntime/7.19.0 [] {"uid":"a62057c"}
[2019-11-17 22:25:21] UTN FRA LOGGER.INFO: ip =::1 [] {"uid":"a62057c"}
[2019-11-17 22:25:28] UTN FRA LOGGER.INFO: Datos  =PostmanRuntime/7.19.0 [] {"uid":"3dffd83"}
[2019-11-17 22:25:28] UTN FRA LOGGER.INFO: ip =::1 [] {"uid":"3dffd83"}
[2019-11-17 22:27:31] UTN FRA LOGGER.INFO: Datos  =PostmanRuntime/7.19.0 [] {"uid":"e006260"}
[2019-11-17 22:27:31] UTN FRA LOGGER.INFO: ip =::1 [] {"uid":"e006260"}
[2019-11-17 22:28:07] UTN FRA LOGGER.INFO: Datos  =PostmanRuntime/7.19.0 [] {"uid":"35a41c6"}
[2019-11-17 22:28:07] UTN FRA LOGGER.INFO: ip =::1 [] {"uid":"35a41c6"}
[2019-11-17 22:29:43] UTN FRA LOGGER.INFO: Datos  =PostmanRuntime/7.19.0 [] {"uid":"b381259"}
[2019-11-17 22:29:43] UTN FRA LOGGER.INFO: ip =::1 [] {"uid":"b381259"}
[2019-11-17 22:31:37] UTN FRA LOGGER.INFO: Datos  =PostmanRuntime/7.19.0 [] {"uid":"a9b7a1a"}
[2019-11-17 22:31:37] UTN FRA LOGGER.INFO: ip =::1 [] {"uid":"a9b7a1a"}
[2019-11-17 22:33:00] UTN FRA LOGGER.INFO: Datos  =PostmanRuntime/7.19.0 [] {"uid":"f5323b1"}
[2019-11-17 22:33:00] UTN FRA LOGGER.INFO: ip =::1 [] {"uid":"f5323b1"}
[2019-11-18 21:23:13] UTN FRA LOGGER.INFO: Datos  =PostmanRuntime/7.19.0 [] {"uid":"fdeca66"}
[2019-11-18 21:23:13] UTN FRA LOGGER.INFO: ip =::1 [] {"uid":"fdeca66"}
[2019-11-18 21:24:04] UTN FRA LOGGER.INFO: Datos  =PostmanRuntime/7.19.0 [] {"uid":"bc5f2e9"}
[2019-11-18 21:24:04] UTN FRA LOGGER.INFO: ip =::1 [] {"uid":"bc5f2e9"}
[2019-11-18 21:24:39] UTN FRA LOGGER.INFO: Datos  =PostmanRuntime/7.19.0 [] {"uid":"df854a0"}
[2019-11-18 21:24:39] UTN FRA LOGGER.INFO: ip =::1 [] {"uid":"df854a0"}
[2019-11-18 21:25:50] UTN FRA LOGGER.INFO: Datos  =PostmanRuntime/7.19.0 [] {"uid":"ce725ce"}
[2019-11-18 21:25:50] UTN FRA LOGGER.INFO: ip =::1 [] {"uid":"ce725ce"}
[2019-11-18 21:26:47] UTN FRA LOGGER.INFO: Datos  =PostmanRuntime/7.19.0 [] {"uid":"f78cff9"}
[2019-11-18 21:26:47] UTN FRA LOGGER.INFO: ip =::1 [] {"uid":"f78cff9"}
[2019-11-18 21:29:30] UTN FRA LOGGER.INFO: Datos  =PostmanRuntime/7.19.0 [] {"uid":"f1e280f"}
[2019-11-18 21:29:30] UTN FRA LOGGER.INFO: ip =::1 [] {"uid":"f1e280f"}
[2019-11-18 21:31:10] UTN FRA LOGGER.INFO: Datos  =PostmanRuntime/7.19.0 [] {"uid":"779d93f"}
[2019-11-18 21:31:10] UTN FRA LOGGER.INFO: ip =::1 [] {"uid":"779d93f"}
[2019-11-18 21:32:40] UTN FRA LOGGER.INFO: Datos  =PostmanRuntime/7.19.0 [] {"uid":"98e8391"}
[2019-11-18 21:32:40] UTN FRA LOGGER.INFO: ip =::1 [] {"uid":"98e8391"}
[2019-11-18 21:33:38] UTN FRA LOGGER.INFO: Datos  =PostmanRuntime/7.19.0 [] {"uid":"8506296"}
[2019-11-18 21:33:38] UTN FRA LOGGER.INFO: ip =::1 [] {"uid":"8506296"}
[2019-11-18 21:35:08] UTN FRA LOGGER.INFO: Datos  =PostmanRuntime/7.19.0 [] {"uid":"3b28c52"}
[2019-11-18 21:35:08] UTN FRA LOGGER.INFO: ip =::1 [] {"uid":"3b28c52"}
[2019-11-18 21:53:17] UTN FRA LOGGER.INFO: Datos  =PostmanRuntime/7.19.0 [] {"uid":"451ba11"}
[2019-11-18 21:53:17] UTN FRA LOGGER.INFO: ip =::1 [] {"uid":"451ba11"}
[2019-11-18 21:54:17] UTN FRA LOGGER.INFO: Datos  =PostmanRuntime/7.19.0 [] {"uid":"e8f6bdc"}
[2019-11-18 21:54:17] UTN FRA LOGGER.INFO: ip =::1 [] {"uid":"e8f6bdc"}
[2019-11-18 21:54:30] UTN FRA LOGGER.INFO: Datos  =PostmanRuntime/7.19.0 [] {"uid":"a705c15"}
[2019-11-18 21:54:30] UTN FRA LOGGER.INFO: ip =::1 [] {"uid":"a705c15"}
[2019-11-18 21:55:23] UTN FRA LOGGER.INFO: Datos  =PostmanRuntime/7.19.0 [] {"uid":"0c7b58c"}
[2019-11-18 21:55:23] UTN FRA LOGGER.INFO: ip =::1 [] {"uid":"0c7b58c"}
[2019-11-18 21:56:39] UTN FRA LOGGER.INFO: Datos  =PostmanRuntime/7.19.0 [] {"uid":"0a93fb0"}
[2019-11-18 21:56:39] UTN FRA LOGGER.INFO: ip =::1 [] {"uid":"0a93fb0"}
[2019-11-18 21:56:55] UTN FRA LOGGER.INFO: Datos  =PostmanRuntime/7.19.0 [] {"uid":"10bd293"}
[2019-11-18 21:56:55] UTN FRA LOGGER.INFO: ip =::1 [] {"uid":"10bd293"}
[2019-11-18 21:57:21] UTN FRA LOGGER.INFO: Datos  =PostmanRuntime/7.19.0 [] {"uid":"a589810"}
[2019-11-18 21:57:21] UTN FRA LOGGER.INFO: ip =::1 [] {"uid":"a589810"}
[2019-11-18 21:59:35] UTN FRA LOGGER.INFO: Datos  =PostmanRuntime/7.19.0 [] {"uid":"90a8382"}
[2019-11-18 21:59:35] UTN FRA LOGGER.INFO: ip =::1 [] {"uid":"90a8382"}
[2019-11-18 22:08:15] UTN FRA LOGGER.INFO: Datos  =PostmanRuntime/7.19.0 [] {"uid":"de7e8da"}
[2019-11-18 22:08:15] UTN FRA LOGGER.INFO: ip =::1 [] {"uid":"de7e8da"}
[2019-11-18 22:09:15] UTN FRA LOGGER.INFO: Datos  =PostmanRuntime/7.19.0 [] {"uid":"ee4599a"}
[2019-11-18 22:09:15] UTN FRA LOGGER.INFO: ip =::1 [] {"uid":"ee4599a"}
[2019-11-18 22:09:30] UTN FRA LOGGER.INFO: Datos  =PostmanRuntime/7.19.0 [] {"uid":"9306088"}
[2019-11-18 22:09:30] UTN FRA LOGGER.INFO: ip =::1 [] {"uid":"9306088"}
[2019-11-18 22:09:47] UTN FRA LOGGER.INFO: Datos  =PostmanRuntime/7.19.0 [] {"uid":"b3a9b04"}
[2019-11-18 22:09:47] UTN FRA LOGGER.INFO: ip =::1 [] {"uid":"b3a9b04"}
[2019-11-18 22:09:57] UTN FRA LOGGER.INFO: Datos  =PostmanRuntime/7.19.0 [] {"uid":"4079510"}
[2019-11-18 22:09:57] UTN FRA LOGGER.INFO: ip =::1 [] {"uid":"4079510"}
[2019-11-18 22:10:03] UTN FRA LOGGER.INFO: Datos  =PostmanRuntime/7.19.0 [] {"uid":"1b664d4"}
[2019-11-18 22:10:03] UTN FRA LOGGER.INFO: ip =::1 [] {"uid":"1b664d4"}
[2019-11-18 22:44:45] UTN FRA LOGGER.INFO: Datos  =PostmanRuntime/7.19.0 [] {"uid":"61ac0f7"}
[2019-11-18 22:44:45] UTN FRA LOGGER.INFO: ip =::1 [] {"uid":"61ac0f7"}
[2019-11-18 22:45:16] UTN FRA LOGGER.INFO: Datos  =PostmanRuntime/7.19.0 [] {"uid":"6abef39"}
[2019-11-18 22:45:16] UTN FRA LOGGER.INFO: ip =::1 [] {"uid":"6abef39"}
[2019-11-18 22:46:46] UTN FRA LOGGER.INFO: Datos  =PostmanRuntime/7.19.0 [] {"uid":"e9165c8"}
[2019-11-18 22:46:46] UTN FRA LOGGER.INFO: ip =::1 [] {"uid":"e9165c8"}
[2019-11-18 23:10:04] UTN FRA LOGGER.INFO: Datos  =PostmanRuntime/7.19.0 [] {"uid":"26c09b3"}
[2019-11-18 23:10:04] UTN FRA LOGGER.INFO: ip =::1 [] {"uid":"26c09b3"}
[2019-11-18 23:10:34] UTN FRA LOGGER.INFO: Datos  =PostmanRuntime/7.19.0 [] {"uid":"817aa3c"}
[2019-11-18 23:10:34] UTN FRA LOGGER.INFO: ip =::1 [] {"uid":"817aa3c"}
[2019-11-18 23:11:00] UTN FRA LOGGER.INFO: Datos  =PostmanRuntime/7.19.0 [] {"uid":"39e4318"}
[2019-11-18 23:11:00] UTN FRA LOGGER.INFO: ip =::1 [] {"uid":"39e4318"}
[2019-11-18 23:11:43] UTN FRA LOGGER.INFO: Datos  =PostmanRuntime/7.19.0 [] {"uid":"3e5b6c8"}
[2019-11-18 23:11:43] UTN FRA LOGGER.INFO: ip =::1 [] {"uid":"3e5b6c8"}
[2019-11-18 23:12:33] UTN FRA LOGGER.INFO: Datos  =PostmanRuntime/7.19.0 [] {"uid":"cc50017"}
[2019-11-18 23:12:33] UTN FRA LOGGER.INFO: ip =::1 [] {"uid":"cc50017"}
[2019-11-18 23:28:14] UTN FRA LOGGER.INFO: Datos  =PostmanRuntime/7.19.0 [] {"uid":"98d7c3d"}
[2019-11-18 23:28:14] UTN FRA LOGGER.INFO: ip =::1 [] {"uid":"98d7c3d"}
[2019-11-18 23:28:36] UTN FRA LOGGER.INFO: Datos  =PostmanRuntime/7.19.0 [] {"uid":"fe0baa2"}
[2019-11-18 23:28:36] UTN FRA LOGGER.INFO: ip =::1 [] {"uid":"fe0baa2"}
[2019-11-18 23:42:04] UTN FRA LOGGER.INFO: Datos  =PostmanRuntime/7.19.0 [] {"uid":"d39230b"}
[2019-11-18 23:42:04] UTN FRA LOGGER.INFO: ip =::1 [] {"uid":"d39230b"}
[2019-11-18 23:42:20] UTN FRA LOGGER.INFO: Datos  =PostmanRuntime/7.19.0 [] {"uid":"224d8f1"}
[2019-11-18 23:42:20] UTN FRA LOGGER.INFO: ip =::1 [] {"uid":"224d8f1"}
[2019-11-18 23:46:19] UTN FRA LOGGER.INFO: Datos  =PostmanRuntime/7.19.0 [] {"uid":"ad3bb1e"}
[2019-11-18 23:46:19] UTN FRA LOGGER.INFO: ip =::1 [] {"uid":"ad3bb1e"}
[2019-11-18 23:47:19] UTN FRA LOGGER.INFO: Datos  =PostmanRuntime/7.19.0 [] {"uid":"6d82357"}
[2019-11-18 23:47:19] UTN FRA LOGGER.INFO: ip =::1 [] {"uid":"6d82357"}
[2019-11-18 23:47:40] UTN FRA LOGGER.INFO: Datos  =PostmanRuntime/7.19.0 [] {"uid":"c098200"}
[2019-11-18 23:47:40] UTN FRA LOGGER.INFO: ip =::1 [] {"uid":"c098200"}
[2019-11-18 23:59:15] UTN FRA LOGGER.INFO: Datos  =PostmanRuntime/7.19.0 [] {"uid":"a14223d"}
[2019-11-18 23:59:15] UTN FRA LOGGER.INFO: ip =::1 [] {"uid":"a14223d"}
[2019-11-18 23:59:38] UTN FRA LOGGER.INFO: Datos  =PostmanRuntime/7.19.0 [] {"uid":"d1af5d0"}
[2019-11-18 23:59:38] UTN FRA LOGGER.INFO: ip =::1 [] {"uid":"d1af5d0"}
[2019-11-19 00:00:03] UTN FRA LOGGER.INFO: Datos  =PostmanRuntime/7.19.0 [] {"uid":"7897800"}
[2019-11-19 00:00:03] UTN FRA LOGGER.INFO: ip =::1 [] {"uid":"7897800"}
[2019-11-19 00:00:40] UTN FRA LOGGER.INFO: Datos  =PostmanRuntime/7.19.0 [] {"uid":"d2e983f"}
[2019-11-19 00:00:40] UTN FRA LOGGER.INFO: ip =::1 [] {"uid":"d2e983f"}
[2019-11-19 00:03:16] UTN FRA LOGGER.INFO: Datos  =PostmanRuntime/7.19.0 [] {"uid":"f2615a1"}
[2019-11-19 00:03:16] UTN FRA LOGGER.INFO: ip =::1 [] {"uid":"f2615a1"}
[2019-11-19 00:03:37] UTN FRA LOGGER.INFO: Datos  =PostmanRuntime/7.19.0 [] {"uid":"1c31c01"}
[2019-11-19 00:03:37] UTN FRA LOGGER.INFO: ip =::1 [] {"uid":"1c31c01"}
[2019-11-19 00:03:54] UTN FRA LOGGER.INFO: Datos  =PostmanRuntime/7.19.0 [] {"uid":"fe91d0c"}
[2019-11-19 00:03:54] UTN FRA LOGGER.INFO: ip =::1 [] {"uid":"fe91d0c"}
[2019-11-19 00:04:21] UTN FRA LOGGER.INFO: Datos  =PostmanRuntime/7.19.0 [] {"uid":"4b95e6f"}
[2019-11-19 00:04:21] UTN FRA LOGGER.INFO: ip =::1 [] {"uid":"4b95e6f"}
[2019-11-19 15:45:09] UTN FRA LOGGER.INFO: Datos  =PostmanRuntime/7.19.0 [] {"uid":"de52ace"}
[2019-11-19 15:45:09] UTN FRA LOGGER.INFO: ip =::1 [] {"uid":"de52ace"}
[2019-11-19 15:45:40] UTN FRA LOGGER.INFO: Datos  =PostmanRuntime/7.19.0 [] {"uid":"22b228a"}
[2019-11-19 15:45:40] UTN FRA LOGGER.INFO: ip =::1 [] {"uid":"22b228a"}
[2019-11-19 15:46:25] UTN FRA LOGGER.INFO: Datos  =PostmanRuntime/7.19.0 [] {"uid":"f1dc63a"}
[2019-11-19 15:46:25] UTN FRA LOGGER.INFO: ip =::1 [] {"uid":"f1dc63a"}
[2019-11-19 15:46:33] UTN FRA LOGGER.INFO: Datos  =PostmanRuntime/7.19.0 [] {"uid":"e8c3254"}
[2019-11-19 15:46:33] UTN FRA LOGGER.INFO: ip =::1 [] {"uid":"e8c3254"}
[2019-11-19 15:47:12] UTN FRA LOGGER.INFO: Datos  =PostmanRuntime/7.19.0 [] {"uid":"4a61964"}
[2019-11-19 15:47:12] UTN FRA LOGGER.INFO: ip =::1 [] {"uid":"4a61964"}
[2019-11-19 15:48:03] UTN FRA LOGGER.INFO: Datos  =PostmanRuntime/7.19.0 [] {"uid":"6dbcc23"}
[2019-11-19 15:48:03] UTN FRA LOGGER.INFO: ip =::1 [] {"uid":"6dbcc23"}
