
[2019-11-28 21:58:35] COMANDA LOGGER.INFO: metodo=POST, URI=http%3A%2F%2Flocalhost%2FTP-Comanda%2Fpublic, RUTA=comandaORM%2Fempleado%2Fcargar, autoridad=localhost [] {"uid":"51096e4"}
[2019-11-28 22:02:09] COMANDA LOGGER.INFO: metodo=POST, URI=http%3A%2F%2Flocalhost%2FTP-Comanda%2Fpublic, RUTA=comandaORM%2Fempleado%2Fcargar, autoridad=localhost [] {"uid":"be01354"}
[2019-11-28 22:03:12] COMANDA LOGGER.INFO: metodo=POST, URI=http%3A%2F%2Flocalhost%2FTP-Comanda%2Fpublic, RUTA=comandaORM%2Fempleado%2Fcargar, autoridad=localhost [] {"uid":"eda12d5"}
[2019-11-28 22:04:47] COMANDA LOGGER.INFO: metodo=POST, URI=http%3A%2F%2Flocalhost%2FTP-Comanda%2Fpublic, RUTA=comandaORM%2Fempleado%2Fcargar, autoridad=localhost [] {"uid":"7ff6045"}
[2019-11-28 22:05:00] COMANDA LOGGER.INFO: metodo=POST, URI=http%3A%2F%2Flocalhost%2FTP-Comanda%2Fpublic, RUTA=comandaORM%2Fempleado%2Fcargar, autoridad=localhost [] {"uid":"8ddfe23"}
[2019-11-28 22:05:08] COMANDA LOGGER.INFO: metodo=POST, URI=http%3A%2F%2Flocalhost%2FTP-Comanda%2Fpublic, RUTA=comandaORM%2Fempleado%2Fcargar, autoridad=localhost [] {"uid":"eac4f97"}
[2019-11-28 22:06:00] COMANDA LOGGER.INFO: metodo=POST, URI=http%3A%2F%2Flocalhost%2FTP-Comanda%2Fpublic, RUTA=comandaORM%2Fempleado%2Fcargar, autoridad=localhost [] {"uid":"5f4deca"}
[2019-11-28 22:06:07] COMANDA LOGGER.INFO: metodo=POST, URI=http%3A%2F%2Flocalhost%2FTP-Comanda%2Fpublic, RUTA=comandaORM%2Fempleado%2Fcargar, autoridad=localhost [] {"uid":"e78d3ff"}
[2019-11-28 22:06:34] COMANDA LOGGER.INFO: metodo=POST, URI=http%3A%2F%2Flocalhost%2FTP-Comanda%2Fpublic, RUTA=comandaORM%2Fempleado%2Fcargar, autoridad=localhost [] {"uid":"b02c1cb"}
[2019-11-28 22:07:03] COMANDA LOGGER.INFO: metodo=POST, URI=http%3A%2F%2Flocalhost%2FTP-Comanda%2Fpublic, RUTA=comandaORM%2Fempleado%2Fcargar, autoridad=localhost [] {"uid":"b6599f7"}
[2019-11-28 22:07:04] COMANDA LOGGER.INFO: metodo=POST, URI=http%3A%2F%2Flocalhost%2FTP-Comanda%2Fpublic, RUTA=comandaORM%2Fempleado%2Fcargar, autoridad=localhost [] {"uid":"5b6a3e8"}
[2019-11-28 22:07:20] COMANDA LOGGER.INFO: metodo=POST, URI=http%3A%2F%2Flocalhost%2FTP-Comanda%2Fpublic, RUTA=comandaORM%2Fempleado%2Fcargar, autoridad=localhost [] {"uid":"eb6fcdc"}
[2019-11-28 22:08:27] COMANDA LOGGER.INFO: metodo=POST, URI=http%3A%2F%2Flocalhost%2FTP-Comanda%2Fpublic, RUTA=comandaORM%2Fempleado%2Fcargar, autoridad=localhost [] {"uid":"b361e79"}
[2019-11-28 22:09:28] COMANDA LOGGER.INFO: metodo=POST, URI=http%3A%2F%2Flocalhost%2FTP-Comanda%2Fpublic, RUTA=comandaORM%2Fempleado%2Fcargar, autoridad=localhost [] {"uid":"eff03c8"}
[2019-11-28 22:09:42] COMANDA LOGGER.INFO: metodo=POST, URI=http%3A%2F%2Flocalhost%2FTP-Comanda%2Fpublic, RUTA=comandaORM%2Fempleado%2Fcargar, autoridad=localhost [] {"uid":"93ef889"}
[2019-11-28 22:10:47] COMANDA LOGGER.INFO: metodo=POST, URI=http%3A%2F%2Flocalhost%2FTP-Comanda%2Fpublic, RUTA=comandaORM%2Fempleado%2Fcargar, autoridad=localhost [] {"uid":"985a723"}
[2019-11-28 22:11:04] COMANDA LOGGER.INFO: metodo=POST, URI=http%3A%2F%2Flocalhost%2FTP-Comanda%2Fpublic, RUTA=comandaORM%2Fempleado%2Fcargar, autoridad=localhost [] {"uid":"0e8a121"}
[2019-11-28 22:12:22] COMANDA LOGGER.INFO: metodo=POST, URI=http%3A%2F%2Flocalhost%2FTP-Comanda%2Fpublic, RUTA=comandaORM%2Fempleado%2Fcargar, autoridad=localhost [] {"uid":"89d1c9a"}
[2019-11-28 22:12:35] COMANDA LOGGER.INFO: metodo=POST, URI=http%3A%2F%2Flocalhost%2FTP-Comanda%2Fpublic, RUTA=comandaORM%2Fempleado%2Fcargar, autoridad=localhost [] {"uid":"a6d7ff0"}
[2019-11-28 22:24:21] COMANDA LOGGER.INFO: metodo=POST, URI=http%3A%2F%2Flocalhost%2FTP-Comanda%2Fpublic, RUTA=comandaORM%2Fempleado%2Flogin, autoridad=localhost [] {"uid":"9cd5ff4"}
[2019-11-28 22:25:07] COMANDA LOGGER.INFO: metodo=POST, URI=http%3A%2F%2Flocalhost%2FTP-Comanda%2Fpublic, RUTA=comandaORM%2Fempleado%2Flogin, autoridad=localhost [] {"uid":"0d42c71"}
[2019-11-28 22:28:38] COMANDA LOGGER.INFO: metodo=POST, URI=http%3A%2F%2Flocalhost%2FTP-Comanda%2Fpublic, RUTA=comandaORM%2Fempleado%2Flogin, autoridad=localhost [] {"uid":"2c808e5"}
[2019-11-28 22:28:48] COMANDA LOGGER.INFO: metodo=POST, URI=http%3A%2F%2Flocalhost%2FTP-Comanda%2Fpublic, RUTA=comandaORM%2Fempleado%2Flogin, autoridad=localhost [] {"uid":"3b30c2f"}
[2019-11-28 22:31:58] COMANDA LOGGER.INFO: metodo=POST, URI=http%3A%2F%2Flocalhost%2FTP-Comanda%2Fpublic, RUTA=comandaORM%2Fempleado%2Flogin, autoridad=localhost [] {"uid":"ac8bc0c"}
[2019-11-28 22:32:36] COMANDA LOGGER.INFO: metodo=POST, URI=http%3A%2F%2Flocalhost%2FTP-Comanda%2Fpublic, RUTA=comandaORM%2Fempleado%2Fcargar, autoridad=localhost [] {"uid":"e742c2c"}
[2019-11-28 22:32:53] COMANDA LOGGER.INFO: metodo=POST, URI=http%3A%2F%2Flocalhost%2FTP-Comanda%2Fpublic, RUTA=comandaORM%2Fempleado%2Flogin, autoridad=localhost [] {"uid":"14f383e"}
[2019-11-28 22:38:22] COMANDA LOGGER.INFO: metodo=POST, URI=http%3A%2F%2Flocalhost%2FTP-Comanda%2Fpublic, RUTA=comandaORM%2Fempleado%2Flogin, autoridad=localhost [] {"uid":"5ec893a"}
[2019-11-28 22:38:37] COMANDA LOGGER.INFO: metodo=POST, URI=http%3A%2F%2Flocalhost%2FTP-Comanda%2Fpublic, RUTA=comandaORM%2Fempleado%2Flogin, autoridad=localhost [] {"uid":"a0a72d5"}
[2019-11-28 22:38:42] COMANDA LOGGER.INFO: metodo=POST, URI=http%3A%2F%2Flocalhost%2FTP-Comanda%2Fpublic, RUTA=comandaORM%2Fempleado%2Flogin, autoridad=localhost [] {"uid":"460c5c5"}
[2019-11-28 22:51:15] COMANDA LOGGER.INFO: metodo=POST, URI=http%3A%2F%2Flocalhost%2FTP-Comanda%2Fpublic, RUTA=comandaORM%2Fempleado%2Fcargar, autoridad=localhost [] {"uid":"c4b5483"}
[2019-12-02 20:17:14] COMANDA LOGGER.INFO: metodo=GET, URI=http%3A%2F%2Flocalhost%2FTP-Comanda%2Fpublic, RUTA=%2F, autoridad=localhost [] {"uid":"1a310ef"}
[2019-12-02 20:18:22] COMANDA LOGGER.INFO: metodo=POST, URI=http%3A%2F%2Flocalhost%2FTP-Comanda%2Fpublic, RUTA=comandaORM%2Fempleado%2Fsuspender%2F3, autoridad=localhost [] {"uid":"a985843"}
[2019-12-02 20:20:08] COMANDA LOGGER.INFO: metodo=POST, URI=http%3A%2F%2Flocalhost%2FTP-Comanda%2Fpublic, RUTA=comandaORM%2Fempleado%2Fsuspender%2F3, autoridad=localhost [] {"uid":"4c601b8"}
[2019-12-02 20:21:27] COMANDA LOGGER.INFO: metodo=POST, URI=http%3A%2F%2Flocalhost%2FTP-Comanda%2Fpublic, RUTA=comandaORM%2Fempleado%2Fsuspender%2F3, autoridad=localhost [] {"uid":"906ee26"}
[2019-12-02 20:21:51] COMANDA LOGGER.INFO: metodo=POST, URI=http%3A%2F%2Flocalhost%2FTP-Comanda%2Fpublic, RUTA=comandaORM%2Fempleado%2Fsuspender%2F3, autoridad=localhost [] {"uid":"5bd7af0"}
[2019-12-02 20:22:40] COMANDA LOGGER.INFO: metodo=POST, URI=http%3A%2F%2Flocalhost%2FTP-Comanda%2Fpublic, RUTA=comandaORM%2Fempleado%2Fsuspender%2F3, autoridad=localhost [] {"uid":"1fd5740"}
[2019-12-02 20:23:12] COMANDA LOGGER.INFO: metodo=POST, URI=http%3A%2F%2Flocalhost%2FTP-Comanda%2Fpublic, RUTA=comandaORM%2Fempleado%2Fsuspender%2F3, autoridad=localhost [] {"uid":"f9a3b5d"}
[2019-12-02 20:25:23] COMANDA LOGGER.INFO: metodo=POST, URI=http%3A%2F%2Flocalhost%2FTP-Comanda%2Fpublic, RUTA=comandaORM%2Fempleado%2Fsuspender%2F3, autoridad=localhost [] {"uid":"452d8b0"}
[2019-12-02 20:27:20] COMANDA LOGGER.INFO: metodo=POST, URI=http%3A%2F%2Flocalhost%2FTP-Comanda%2Fpublic, RUTA=comandaORM%2Fempleado%2Fsuspender%2F3, autoridad=localhost [] {"uid":"740b60c"}
[2019-12-02 20:28:36] COMANDA LOGGER.INFO: metodo=POST, URI=http%3A%2F%2Flocalhost%2FTP-Comanda%2Fpublic, RUTA=comandaORM%2Fempleado%2Fsuspender%2F3, autoridad=localhost [] {"uid":"5c71aa3"}
[2019-12-02 20:31:42] COMANDA LOGGER.INFO: metodo=POST, URI=http%3A%2F%2Flocalhost%2FTP-Comanda%2Fpublic, RUTA=comandaORM%2Fempleado%2Fborrar%2F3, autoridad=localhost [] {"uid":"4a1193f"}
[2019-12-02 20:32:11] COMANDA LOGGER.INFO: metodo=POST, URI=http%3A%2F%2Flocalhost%2FTP-Comanda%2Fpublic, RUTA=comandaORM%2Fempleado%2Feliminar%2F3, autoridad=localhost [] {"uid":"f0dc28f"}
[2019-12-02 20:34:54] COMANDA LOGGER.INFO: metodo=POST, URI=http%3A%2F%2Flocalhost%2FTP-Comanda%2Fpublic, RUTA=comandaORM%2Fempleado%2Fcargar, autoridad=localhost [] {"uid":"c107dcb"}
[2019-12-02 21:56:58] COMANDA LOGGER.INFO: metodo=POST, URI=http%3A%2F%2Flocalhost%2FTP-Comanda%2Fpublic, RUTA=comandaORM%2Fempleado%2Fcargar, autoridad=localhost [] {"uid":"9fd1b73"}
[2019-12-02 21:57:17] COMANDA LOGGER.INFO: metodo=POST, URI=http%3A%2F%2Flocalhost%2FTP-Comanda%2Fpublic, RUTA=comandaORM%2Fempleado%2Flogin, autoridad=localhost [] {"uid":"13cfe66"}
[2019-12-02 21:57:48] COMANDA LOGGER.INFO: metodo=POST, URI=http%3A%2F%2Flocalhost%2FTP-Comanda%2Fpublic, RUTA=comandaORM%2Fpedido%2Fcargar, autoridad=localhost [] {"uid":"d94ffdf"}
[2019-12-02 21:58:39] COMANDA LOGGER.INFO: metodo=POST, URI=http%3A%2F%2Flocalhost%2FTP-Comanda%2Fpublic, RUTA=comandaORM%2Fpedido%2Fcargar, autoridad=localhost [] {"uid":"dec8438"}
[2019-12-02 22:03:38] COMANDA LOGGER.INFO: metodo=POST, URI=http%3A%2F%2Flocalhost%2FTP-Comanda%2Fpublic, RUTA=comandaORM%2Fpedido%2Fcargar, autoridad=localhost [] {"uid":"5e305e8"}
[2019-12-02 22:05:27] COMANDA LOGGER.INFO: metodo=POST, URI=http%3A%2F%2Flocalhost%2FTP-Comanda%2Fpublic, RUTA=comandaORM%2Fempleado%2Flogin, autoridad=localhost [] {"uid":"e91259d"}
[2019-12-02 22:05:45] COMANDA LOGGER.INFO: metodo=POST, URI=http%3A%2F%2Flocalhost%2FTP-Comanda%2Fpublic, RUTA=comandaORM%2Fpedido%2Fcargar, autoridad=localhost [] {"uid":"7bf0b72"}
[2019-12-02 22:06:52] COMANDA LOGGER.INFO: metodo=POST, URI=http%3A%2F%2Flocalhost%2FTP-Comanda%2Fpublic, RUTA=comandaORM%2Fpedido%2Fcargar, autoridad=localhost [] {"uid":"7c7689f"}
[2019-12-02 22:08:17] COMANDA LOGGER.INFO: metodo=POST, URI=http%3A%2F%2Flocalhost%2FTP-Comanda%2Fpublic, RUTA=comandaORM%2Fpedido%2Fcargar, autoridad=localhost [] {"uid":"242860c"}
[2019-12-02 22:10:12] COMANDA LOGGER.INFO: metodo=POST, URI=http%3A%2F%2Flocalhost%2FTP-Comanda%2Fpublic, RUTA=comandaORM%2Fpedido%2Fcargar, autoridad=localhost [] {"uid":"4be3646"}
[2019-12-02 22:11:28] COMANDA LOGGER.INFO: metodo=POST, URI=http%3A%2F%2Flocalhost%2FTP-Comanda%2Fpublic, RUTA=comandaORM%2Fpedido%2Fcargar, autoridad=localhost [] {"uid":"6c063fa"}
[2019-12-02 22:14:40] COMANDA LOGGER.INFO: metodo=POST, URI=http%3A%2F%2Flocalhost%2FTP-Comanda%2Fpublic, RUTA=comandaORM%2Fpedido%2Fcargar, autoridad=localhost [] {"uid":"b5f4554"}
[2019-12-02 22:17:11] COMANDA LOGGER.INFO: metodo=POST, URI=http%3A%2F%2Flocalhost%2FTP-Comanda%2Fpublic, RUTA=comandaORM%2Fpedido%2Fcargar, autoridad=localhost [] {"uid":"028ea7c"}
[2019-12-02 22:18:43] COMANDA LOGGER.INFO: metodo=POST, URI=http%3A%2F%2Flocalhost%2FTP-Comanda%2Fpublic, RUTA=comandaORM%2Fpedido%2Fcargar, autoridad=localhost [] {"uid":"8205a6e"}
[2019-12-02 22:21:04] COMANDA LOGGER.INFO: metodo=POST, URI=http%3A%2F%2Flocalhost%2FTP-Comanda%2Fpublic, RUTA=comandaORM%2Fpedido%2Fcargar, autoridad=localhost [] {"uid":"51ee74f"}
[2019-12-02 22:21:34] COMANDA LOGGER.INFO: metodo=POST, URI=http%3A%2F%2Flocalhost%2FTP-Comanda%2Fpublic, RUTA=comandaORM%2Fpedido%2Fcargar, autoridad=localhost [] {"uid":"a61be16"}
[2019-12-02 22:23:02] COMANDA LOGGER.INFO: metodo=POST, URI=http%3A%2F%2Flocalhost%2FTP-Comanda%2Fpublic, RUTA=comandaORM%2Fpedido%2Fcargar, autoridad=localhost [] {"uid":"39ada73"}
[2019-12-02 22:24:14] COMANDA LOGGER.INFO: metodo=POST, URI=http%3A%2F%2Flocalhost%2FTP-Comanda%2Fpublic, RUTA=comandaORM%2Fpedido%2Fcargar, autoridad=localhost [] {"uid":"29c1917"}
[2019-12-02 22:27:08] COMANDA LOGGER.INFO: metodo=POST, URI=http%3A%2F%2Flocalhost%2FTP-Comanda%2Fpublic, RUTA=comandaORM%2Fpedido%2Fcargar, autoridad=localhost [] {"uid":"5e8d409"}
[2019-12-02 22:28:03] COMANDA LOGGER.INFO: metodo=POST, URI=http%3A%2F%2Flocalhost%2FTP-Comanda%2Fpublic, RUTA=comandaORM%2Fpedido%2Fcargar, autoridad=localhost [] {"uid":"5b3eaac"}
[2019-12-02 22:56:19] COMANDA LOGGER.INFO: metodo=GET, URI=http%3A%2F%2Flocalhost%2FTP-Comanda%2Fpublic, RUTA=comandaORM%2Fpedido%2Fver, autoridad=localhost [] {"uid":"f7f5b5e"}
[2019-12-02 22:56:40] COMANDA LOGGER.INFO: metodo=GET, URI=http%3A%2F%2Flocalhost%2FTP-Comanda%2Fpublic, RUTA=comandaORM%2Fpedido%2Fver, autoridad=localhost [] {"uid":"6be1e07"}
[2019-12-02 22:58:06] COMANDA LOGGER.INFO: metodo=GET, URI=http%3A%2F%2Flocalhost%2FTP-Comanda%2Fpublic, RUTA=comandaORM%2Fpedido%2Fver, autoridad=localhost [] {"uid":"1e09536"}
[2019-12-02 23:01:06] COMANDA LOGGER.INFO: metodo=GET, URI=http%3A%2F%2Flocalhost%2FTP-Comanda%2Fpublic, RUTA=comandaORM%2Fpedido%2Fver, autoridad=localhost [] {"uid":"d8c2f47"}
[2019-12-02 23:29:27] COMANDA LOGGER.INFO: metodo=POST, URI=http%3A%2F%2Flocalhost%2FTP-Comanda%2Fpublic, RUTA=comandaORM%2Fempleado%2Flogin, autoridad=localhost [] {"uid":"65b9ee1"}
[2019-12-02 23:29:38] COMANDA LOGGER.INFO: metodo=GET, URI=http%3A%2F%2Flocalhost%2FTP-Comanda%2Fpublic, RUTA=comandaORM%2Fpedido%2Fver, autoridad=localhost [] {"uid":"2b10100"}
[2019-12-02 23:39:46] COMANDA LOGGER.INFO: metodo=POST, URI=http%3A%2F%2Flocalhost%2FTP-Comanda%2Fpublic, RUTA=comandaORM%2Fpedido%2Fpreparar%2Fdfeb8, autoridad=localhost [] {"uid":"df83401"}
[2019-12-02 23:40:13] COMANDA LOGGER.INFO: metodo=POST, URI=http%3A%2F%2Flocalhost%2FTP-Comanda%2Fpublic, RUTA=comandaORM%2Fpedido%2Fpreparar%2Fdfeb8, autoridad=localhost [] {"uid":"b62ddd8"}
[2019-12-02 23:40:40] COMANDA LOGGER.INFO: metodo=POST, URI=http%3A%2F%2Flocalhost%2FTP-Comanda%2Fpublic, RUTA=comandaORM%2Fpedido%2Fpreparar%2F3, autoridad=localhost [] {"uid":"9a2e4e8"}
[2019-12-02 23:42:17] COMANDA LOGGER.INFO: metodo=POST, URI=http%3A%2F%2Flocalhost%2FTP-Comanda%2Fpublic, RUTA=comandaORM%2Fpedido%2Fpreparar%2F3, autoridad=localhost [] {"uid":"9a63a6a"}
[2019-12-02 23:42:27] COMANDA LOGGER.INFO: metodo=POST, URI=http%3A%2F%2Flocalhost%2FTP-Comanda%2Fpublic, RUTA=comandaORM%2Fpedido%2Fpreparar%2F3, autoridad=localhost [] {"uid":"c9f67da"}
[2019-12-02 23:56:17] COMANDA LOGGER.INFO: metodo=POST, URI=http%3A%2F%2Flocalhost%2FTP-Comanda%2Fpublic, RUTA=comandaORM%2Fpedido%2Fentregar%2F3, autoridad=localhost [] {"uid":"cbedffb"}
[2019-12-02 23:58:50] COMANDA LOGGER.INFO: metodo=POST, URI=http%3A%2F%2Flocalhost%2FTP-Comanda%2Fpublic, RUTA=comandaORM%2Fpedido%2Fentregar%2F3, autoridad=localhost [] {"uid":"0cbcc01"}
[2019-12-03 00:01:06] COMANDA LOGGER.INFO: metodo=POST, URI=http%3A%2F%2Flocalhost%2FTP-Comanda%2Fpublic, RUTA=comandaORM%2Fpedido%2Fentregar%2F3, autoridad=localhost [] {"uid":"17a5900"}
[2019-12-03 00:01:43] COMANDA LOGGER.INFO: metodo=POST, URI=http%3A%2F%2Flocalhost%2FTP-Comanda%2Fpublic, RUTA=comandaORM%2Fpedido%2Fentregar%2F3, autoridad=localhost [] {"uid":"f04807c"}
[2019-12-03 00:02:01] COMANDA LOGGER.INFO: metodo=GET, URI=http%3A%2F%2Flocalhost%2FTP-Comanda%2Fpublic, RUTA=comandaORM%2Fpedido%2Fver, autoridad=localhost [] {"uid":"3e6075a"}
[2019-12-03 00:03:11] COMANDA LOGGER.INFO: metodo=POST, URI=http%3A%2F%2Flocalhost%2FTP-Comanda%2Fpublic, RUTA=comandaORM%2Fpedido%2Fpreparar%2F3, autoridad=localhost [] {"uid":"2e5a97d"}
[2019-12-03 00:03:21] COMANDA LOGGER.INFO: metodo=POST, URI=http%3A%2F%2Flocalhost%2FTP-Comanda%2Fpublic, RUTA=comandaORM%2Fpedido%2Fentregar%2F3, autoridad=localhost [] {"uid":"26735f9"}
[2019-12-03 00:03:30] COMANDA LOGGER.INFO: metodo=POST, URI=http%3A%2F%2Flocalhost%2FTP-Comanda%2Fpublic, RUTA=comandaORM%2Fpedido%2Fentregar%2F3, autoridad=localhost [] {"uid":"93ed418"}
[2019-12-03 00:04:37] COMANDA LOGGER.INFO: metodo=POST, URI=http%3A%2F%2Flocalhost%2FTP-Comanda%2Fpublic, RUTA=comandaORM%2Fpedido%2Fentregar%2F3, autoridad=localhost [] {"uid":"416e410"}
[2019-12-03 00:05:12] COMANDA LOGGER.INFO: metodo=POST, URI=http%3A%2F%2Flocalhost%2FTP-Comanda%2Fpublic, RUTA=comandaORM%2Fpedido%2Fpreparar%2F3, autoridad=localhost [] {"uid":"9a94472"}
[2019-12-03 00:05:20] COMANDA LOGGER.INFO: metodo=POST, URI=http%3A%2F%2Flocalhost%2FTP-Comanda%2Fpublic, RUTA=comandaORM%2Fpedido%2Fentregar%2F3, autoridad=localhost [] {"uid":"d872c91"}
[2019-12-03 00:06:21] COMANDA LOGGER.INFO: metodo=POST, URI=http%3A%2F%2Flocalhost%2FTP-Comanda%2Fpublic, RUTA=comandaORM%2Fpedido%2Fentregar%2F3, autoridad=localhost [] {"uid":"ff8ce78"}
[2019-12-03 00:07:30] COMANDA LOGGER.INFO: metodo=POST, URI=http%3A%2F%2Flocalhost%2FTP-Comanda%2Fpublic, RUTA=comandaORM%2Fpedido%2Fpreparar%2F3, autoridad=localhost [] {"uid":"13163c0"}
[2019-12-03 00:07:34] COMANDA LOGGER.INFO: metodo=POST, URI=http%3A%2F%2Flocalhost%2FTP-Comanda%2Fpublic, RUTA=comandaORM%2Fpedido%2Fentregar%2F3, autoridad=localhost [] {"uid":"6d0c4c6"}
[2019-12-03 00:07:57] COMANDA LOGGER.INFO: metodo=POST, URI=http%3A%2F%2Flocalhost%2FTP-Comanda%2Fpublic, RUTA=comandaORM%2Fpedido%2Fpreparar%2F3, autoridad=localhost [] {"uid":"c3e2f27"}
[2019-12-03 00:08:03] COMANDA LOGGER.INFO: metodo=POST, URI=http%3A%2F%2Flocalhost%2FTP-Comanda%2Fpublic, RUTA=comandaORM%2Fpedido%2Fentregar%2F3, autoridad=localhost [] {"uid":"9b668f1"}
[2019-12-03 00:10:14] COMANDA LOGGER.INFO: metodo=POST, URI=http%3A%2F%2Flocalhost%2FTP-Comanda%2Fpublic, RUTA=comandaORM%2Fpedido%2Fentregar%2F3, autoridad=localhost [] {"uid":"2c9f352"}
[2019-12-03 00:12:29] COMANDA LOGGER.INFO: metodo=POST, URI=http%3A%2F%2Flocalhost%2FTP-Comanda%2Fpublic, RUTA=comandaORM%2Fempleado%2Feliminar%2F6, autoridad=localhost [] {"uid":"3f30a24"}
[2019-12-03 00:12:58] COMANDA LOGGER.INFO: metodo=GET, URI=http%3A%2F%2Flocalhost%2FTP-Comanda%2Fpublic, RUTA=comandaORM%2Fpedido%2Fver, autoridad=localhost [] {"uid":"dcec5c2"}
